2025-07-03T09:53:52.260430Z  INFO arx: arx/src/main.rs:46: Running ARX
2025-07-03T09:53:52.260474Z DEBUG arx: arx/src/main.rs:48: Installing AWS LC crypto provider
2025-07-03T09:53:52.260492Z DEBUG arx: arx/src/main.rs:53: Reading node keypair and identity files from env
2025-07-03T09:53:52.260498Z DEBUG arx: arx/src/main.rs:59: Checking Solana is up and running
2025-07-03T09:53:52.307059Z  INFO arx: arx/src/main.rs:65: Creating coordinator
2025-07-03T09:53:52.770840Z  INFO arx: arx/src/main.rs:71: Starting coordinator
2025-07-03T09:53:52.770840Z  INFO arx::unit::cache_unit: arx/src/unit/cache_unit.rs:92: Cache unit started
2025-07-03T09:53:52.770848Z  INFO arx::unit::circuit_unit: arx/src/unit/circuit_unit.rs:69: Circuit unit started
2025-07-03T09:53:52.770873Z  INFO arx: arx/src/main.rs:74: Waiting for Ctrl+C
2025-07-03T09:53:52.770877Z  INFO arx::unit::cluster_unit: arx/src/unit/cluster_unit.rs:144: Cluster unit started
2025-07-03T09:53:52.770905Z  INFO arx::unit::inputs_unit: arx/src/unit/inputs_unit.rs:88: Inputs unit started
2025-07-03T09:53:52.770972Z  INFO arx::unit::node_transaction_unit: arx/src/unit/node_transaction_unit.rs:98: Node transaction unit started
2025-07-03T09:53:52.771028Z  INFO arx::coordinator: arx/src/coordinator.rs:364: Coordinator started
2025-07-03T09:53:52.770892Z  INFO arx::unit::computation_transaction_unit: arx/src/unit/computation_transaction_unit.rs:138: Computation transaction unit started
2025-07-03T09:53:52.770983Z  INFO arx::unit::peers_unit: arx/src/unit/peers_unit.rs:87: Peers unit started
2025-07-03T09:53:52.771004Z  INFO arx::unit::mxe_unit: arx/src/unit/mxe_unit.rs:100: MXE unit started
2025-07-03T09:53:52.770991Z  INFO arx::unit::online_phase_unit: arx/src/unit/online_phase_unit.rs:149: Online phase unit started
2025-07-03T09:53:52.770993Z  INFO arx::unit::state_unit: arx/src/unit/state_unit.rs:126: State unit started
2025-07-03T09:53:52.770988Z  INFO arx::unit::mempool_unit: arx/src/unit/mempool_unit.rs:101: Mempool unit started
2025-07-03T09:53:52.771648Z  INFO arx::unit::execpool_unit: arx/src/unit/execpool_unit.rs:108: Execpool unit started
2025-07-03T09:53:52.772799Z DEBUG arx::unit::node_transaction_unit: arx/src/unit/node_transaction_unit.rs:112: Activating ARX node (attempt 1/5)
2025-07-03T09:53:52.773438Z DEBUG arx::unit::mxe_unit: arx/src/unit/mxe_unit.rs:125: Fetching initial mxe accs via rpc
2025-07-03T09:53:52.804363Z DEBUG arx::unit::mxe_unit: arx/src/unit/mxe_unit.rs:330: Sending messages: [MXEUnitOutMessage { cluster: GgSqqAyH7AVY3Umcv8NvncrjFaNJuQLmxzxFxPoPW2Yd, mxe: 75MYEEgbXuUeXwUa834fhyAWgEtsjrajgWjiQj5Th3eF, status: Joined }]
2025-07-03T09:53:53.306007Z DEBUG arx::unit::node_transaction_unit: arx/src/unit/node_transaction_unit.rs:128: ARX node activated
2025-07-03T09:53:53.306056Z DEBUG arx::coordinator: arx/src/coordinator.rs:370: Coordinator received activation unit message: activated
2025-07-03T09:53:53.306076Z DEBUG arx::coordinator: arx/src/coordinator.rs:528: Coordinator received mxe unit message: cluster: GgSqqAyH7AVY3Umcv8NvncrjFaNJuQLmxzxFxPoPW2Yd, mxe: 75MYEEgbXuUeXwUa834fhyAWgEtsjrajgWjiQj5Th3eF, status: Joined
2025-07-03T09:53:53.306100Z DEBUG arx::coordinator: arx/src/coordinator.rs:417: Coordinator received cluster unit message: cluster: 0, status: Joined
2025-07-03T09:53:53.306141Z  WARN arx::unit::mxe_unit: arx/src/unit/mxe_unit.rs:189: Cluster account GgSqqAyH7AVY3Umcv8NvncrjFaNJuQLmxzxFxPoPW2Yd already being observed.
2025-07-03T09:53:53.379204Z DEBUG arx::coordinator: arx/src/coordinator.rs:508: Coordinator received mempool unit message: computations ids: []
2025-07-03T09:53:53.379369Z DEBUG arx::unit::mempool_unit: arx/src/unit/mempool_unit.rs:147: Subscribed to mempool account 75meJRarAYBbZxtmTWNgfYTjEA9kGXSpR3QUuefT2qWt
2025-07-03T09:53:53.380063Z DEBUG arx::coordinator: arx/src/coordinator.rs:469: Coordinator received execpool unit message: computations ids: []
2025-07-03T09:53:53.380165Z DEBUG arx::unit::execpool_unit: arx/src/unit/execpool_unit.rs:154: Subscribed to execpool account Af9LM2ZiUGkiRE6mW57dpq6ZEkA7jCfaqsD4tUKUDzZp
2025-07-03T09:53:57.757502Z DEBUG arx::unit::mxe_unit: arx/src/unit/mxe_unit.rs:330: Sending messages: []
2025-07-03T09:53:57.758602Z DEBUG arx::unit::mempool_unit: arx/src/unit/mempool_unit.rs:278: Mempool account 75meJRarAYBbZxtmTWNgfYTjEA9kGXSpR3QUuefT2qWt contains the same computations as last update
2025-07-03T09:53:57.758669Z DEBUG arx::coordinator: arx/src/coordinator.rs:469: Coordinator received execpool unit message: computations ids: [6698534668174109504]
2025-07-03T09:53:57.758724Z DEBUG arx::coordinator: arx/src/coordinator.rs:564: Coordinator received state unit message: prefetch computation: ArxComputationInfo { comp_ref: ComputationReference { computation_offset: 6698534668174109504, priority_fee: 0, computation_definition_offset: 2458493680, padding: [0, 0, 0, 0] }, mxe: 75MYEEgbXuUeXwUa834fhyAWgEtsjrajgWjiQj5Th3eF, cluster: GgSqqAyH7AVY3Umcv8NvncrjFaNJuQLmxzxFxPoPW2Yd }
2025-07-03T09:53:57.758795Z DEBUG arx::coordinator: arx/src/coordinator.rs:588: Coordinator received state unit message: execute computation: ArxComputationInfo { comp_ref: ComputationReference { computation_offset: 6698534668174109504, priority_fee: 0, computation_definition_offset: 2458493680, padding: [0, 0, 0, 0] }, mxe: 75MYEEgbXuUeXwUa834fhyAWgEtsjrajgWjiQj5Th3eF, cluster: GgSqqAyH7AVY3Umcv8NvncrjFaNJuQLmxzxFxPoPW2Yd }
2025-07-03T09:53:57.758824Z DEBUG arx::unit::cache_unit: arx/src/unit/cache_unit.rs:282: Cache is not ready for computation yet: ArxComputationInfo { comp_ref: ComputationReference { computation_offset: 6698534668174109504, priority_fee: 0, computation_definition_offset: 2458493680, padding: [0, 0, 0, 0] }, mxe: 75MYEEgbXuUeXwUa834fhyAWgEtsjrajgWjiQj5Th3eF, cluster: GgSqqAyH7AVY3Umcv8NvncrjFaNJuQLmxzxFxPoPW2Yd }
2025-07-03T09:53:57.760498Z DEBUG arx::program: arx/src/program.rs:185: Getting compiled circuit onchain: BnohxKDyVXsCM1VcjTcPoi6KrWC6oK5jcZWMNan32sjV
2025-07-03T09:53:57.760579Z DEBUG arx::program: arx/src/program.rs:251: Fetching circuit on-chain from 6qvmg5vMJJwtGoKdx6pZ84L1wuAcquqkfxgvwLoB3t9V (1/1)
2025-07-03T09:53:57.761416Z DEBUG arx::coordinator: arx/src/coordinator.rs:490: Succesfully prefetched computation ArxComputationInfo { comp_ref: ComputationReference { computation_offset: 6698534668174109504, priority_fee: 0, computation_definition_offset: 2458493680, padding: [0, 0, 0, 0] }, mxe: 75MYEEgbXuUeXwUa834fhyAWgEtsjrajgWjiQj5Th3eF, cluster: GgSqqAyH7AVY3Umcv8NvncrjFaNJuQLmxzxFxPoPW2Yd }
2025-07-03T09:53:57.761449Z DEBUG arx::coordinator: arx/src/coordinator.rs:493: Coordinator received inputs unit message of type Inputs
2025-07-03T09:53:57.761466Z DEBUG arx::unit::cache_unit: arx/src/unit/cache_unit.rs:282: Cache is not ready for computation yet: ArxComputationInfo { comp_ref: ComputationReference { computation_offset: 6698534668174109504, priority_fee: 0, computation_definition_offset: 2458493680, padding: [0, 0, 0, 0] }, mxe: 75MYEEgbXuUeXwUa834fhyAWgEtsjrajgWjiQj5Th3eF, cluster: GgSqqAyH7AVY3Umcv8NvncrjFaNJuQLmxzxFxPoPW2Yd }
2025-07-03T09:53:57.797224Z DEBUG arx::coordinator: arx/src/coordinator.rs:553: Coordinator received peers unit message
2025-07-03T09:53:57.797288Z DEBUG arx::unit::cache_unit: arx/src/unit/cache_unit.rs:282: Cache is not ready for computation yet: ArxComputationInfo { comp_ref: ComputationReference { computation_offset: 6698534668174109504, priority_fee: 0, computation_definition_offset: 2458493680, padding: [0, 0, 0, 0] }, mxe: 75MYEEgbXuUeXwUa834fhyAWgEtsjrajgWjiQj5Th3eF, cluster: GgSqqAyH7AVY3Umcv8NvncrjFaNJuQLmxzxFxPoPW2Yd }
2025-07-03T09:53:57.811372Z DEBUG arx::program: arx/src/program.rs:269: Fetched circuit on-chain from 6qvmg5vMJJwtGoKdx6pZ84L1wuAcquqkfxgvwLoB3t9V (1/1)
2025-07-03T09:53:57.850881Z DEBUG arx::coordinator: arx/src/coordinator.rs:407: Coordinator received circuit unit message
2025-07-03T09:53:57.850915Z DEBUG arx::unit::cache_unit: arx/src/unit/cache_unit.rs:263: Cache is ready for computation: ArxComputationInfo { comp_ref: ComputationReference { computation_offset: 6698534668174109504, priority_fee: 0, computation_definition_offset: 2458493680, padding: [0, 0, 0, 0] }, mxe: 75MYEEgbXuUeXwUa834fhyAWgEtsjrajgWjiQj5Th3eF, cluster: GgSqqAyH7AVY3Umcv8NvncrjFaNJuQLmxzxFxPoPW2Yd }
2025-07-03T09:53:57.850948Z DEBUG arx::coordinator: arx/src/coordinator.rs:387: Coordinator received cache unit message
2025-07-03T09:53:57.850976Z DEBUG arx::unit::online_phase_unit: arx/src/unit/online_phase_unit.rs:224: Processing computation 76019574572329406491814511857156281454, connecting to peers
2025-07-03T09:53:57.852423Z DEBUG arx::unit::online_phase_unit: arx/src/unit/online_phase_unit.rs:235: Connected to peers for computation 76019574572329406491814511857156281454
2025-07-03T09:53:57.852452Z DEBUG arx::unit::online_phase_unit: arx/src/unit/online_phase_unit.rs:240: Processing Cerberus computation
2025-07-03T09:53:57.986563Z DEBUG arx::unit::online_phase_unit: arx/src/unit/online_phase_unit.rs:178: Output of computation is: Ok(ArxComputationOutput { computation: ArxComputation 76019574572329406491814511857156281454 (cluster: GgSqqAyH7AVY3Umcv8NvncrjFaNJuQLmxzxFxPoPW2Yd, mxe: 75MYEEgbXuUeXwUa834fhyAWgEtsjrajgWjiQj5Th3eF), outputs: Bytes([[190, 108, 53, 3, 93, 246, 140, 0, 152, 114, 34, 142, 247, 0, 193, 43, 138, 222, 198, 142, 23, 47, 76, 97, 139, 210, 1, 102, 115, 111, 155, 7], [116, 156, 126, 129, 67, 61, 34, 52, 179, 139, 238, 91, 86, 129, 83, 49], [240, 33, 37, 143, 25, 64, 208, 14, 151, 138, 234, 13, 16, 121, 102, 81, 196, 212, 217, 34, 52, 92, 115, 212, 192, 69, 229, 239, 218, 177, 17, 69]]) })
2025-07-03T09:53:57.986621Z DEBUG arx::coordinator: arx/src/coordinator.rs:543: Coordinator received online unit output: Ok(ArxComputationOutput { computation: ArxComputation 76019574572329406491814511857156281454 (cluster: GgSqqAyH7AVY3Umcv8NvncrjFaNJuQLmxzxFxPoPW2Yd, mxe: 75MYEEgbXuUeXwUa834fhyAWgEtsjrajgWjiQj5Th3eF), outputs: Bytes([[190, 108, 53, 3, 93, 246, 140, 0, 152, 114, 34, 142, 247, 0, 193, 43, 138, 222, 198, 142, 23, 47, 76, 97, 139, 210, 1, 102, 115, 111, 155, 7], [116, 156, 126, 129, 67, 61, 34, 52, 179, 139, 238, 91, 86, 129, 83, 49], [240, 33, 37, 143, 25, 64, 208, 14, 151, 138, 234, 13, 16, 121, 102, 81, 196, 212, 217, 34, 52, 92, 115, 212, 192, 69, 229, 239, 218, 177, 17, 69]]) })
2025-07-03T09:53:57.986651Z DEBUG arx::unit::computation_transaction_unit: arx/src/unit/computation_transaction_unit.rs:146: Callback computation for id 76019574572329406491814511857156281454
2025-07-03T09:53:58.163406Z DEBUG arx::coordinator: arx/src/coordinator.rs:469: Coordinator received execpool unit message: computations ids: []
2025-07-03T09:53:58.165151Z DEBUG arx::unit::mempool_unit: arx/src/unit/mempool_unit.rs:278: Mempool account 75meJRarAYBbZxtmTWNgfYTjEA9kGXSpR3QUuefT2qWt contains the same computations as last update
2025-07-03T09:53:58.165203Z DEBUG arx::unit::mxe_unit: arx/src/unit/mxe_unit.rs:330: Sending messages: []
2025-07-03T09:53:58.489859Z ERROR arx::unit::computation_transaction_unit: arx/src/unit/computation_transaction_unit.rs:329: Failed to send callback computation tx for mxe 75MYEEgbXuUeXwUa834fhyAWgEtsjrajgWjiQj5Th3eF error Error { request: None, kind: TransactionError(InstructionError(0, Custom(6047))) }
2025-07-03T09:53:58.489900Z ERROR arx::unit::computation_transaction_unit: arx/src/unit/computation_transaction_unit.rs:186: Failed to callback computation: RPC error: Failed to send callback computation tx for mxe 75MYEEgbXuUeXwUa834fhyAWgEtsjrajgWjiQj5Th3eF error Error { request: None, kind: TransactionError(InstructionError(0, Custom(6047))) }
2025-07-03T09:53:58.489921Z DEBUG arx::coordinator: arx/src/coordinator.rs:457: Coordinator received computation transaction unit message: failed to callback computation: ArxComputationInfo { comp_ref: ComputationReference { computation_offset: 6698534668174109504, priority_fee: 0, computation_definition_offset: 2458493680, padding: [0, 0, 0, 0] }, mxe: 75MYEEgbXuUeXwUa834fhyAWgEtsjrajgWjiQj5Th3eF, cluster: GgSqqAyH7AVY3Umcv8NvncrjFaNJuQLmxzxFxPoPW2Yd }
2025-07-03T09:53:58.489946Z ERROR arx::unit::state_unit: arx/src/unit/state_unit.rs:312: Attempted to make a computation ArxComputationInfo { comp_ref: ComputationReference { computation_offset: 6698534668174109504, priority_fee: 0, computation_definition_offset: 2458493680, padding: [0, 0, 0, 0] }, mxe: 75MYEEgbXuUeXwUa834fhyAWgEtsjrajgWjiQj5Th3eF, cluster: GgSqqAyH7AVY3Umcv8NvncrjFaNJuQLmxzxFxPoPW2Yd } failed when it was already finalized
2025-07-03T09:53:59.377080Z DEBUG arx::unit::mxe_unit: arx/src/unit/mxe_unit.rs:330: Sending messages: []
2025-07-03T09:53:59.377549Z DEBUG arx::coordinator: arx/src/coordinator.rs:469: Coordinator received execpool unit message: computations ids: [18008650554014864323]
2025-07-03T09:53:59.377605Z DEBUG arx::coordinator: arx/src/coordinator.rs:564: Coordinator received state unit message: prefetch computation: ArxComputationInfo { comp_ref: ComputationReference { computation_offset: 18008650554014864323, priority_fee: 0, computation_definition_offset: 2458493680, padding: [0, 0, 0, 0] }, mxe: 75MYEEgbXuUeXwUa834fhyAWgEtsjrajgWjiQj5Th3eF, cluster: GgSqqAyH7AVY3Umcv8NvncrjFaNJuQLmxzxFxPoPW2Yd }
2025-07-03T09:53:59.377681Z DEBUG arx::coordinator: arx/src/coordinator.rs:588: Coordinator received state unit message: execute computation: ArxComputationInfo { comp_ref: ComputationReference { computation_offset: 18008650554014864323, priority_fee: 0, computation_definition_offset: 2458493680, padding: [0, 0, 0, 0] }, mxe: 75MYEEgbXuUeXwUa834fhyAWgEtsjrajgWjiQj5Th3eF, cluster: GgSqqAyH7AVY3Umcv8NvncrjFaNJuQLmxzxFxPoPW2Yd }
2025-07-03T09:53:59.377708Z DEBUG arx::unit::cache_unit: arx/src/unit/cache_unit.rs:282: Cache is not ready for computation yet: ArxComputationInfo { comp_ref: ComputationReference { computation_offset: 18008650554014864323, priority_fee: 0, computation_definition_offset: 2458493680, padding: [0, 0, 0, 0] }, mxe: 75MYEEgbXuUeXwUa834fhyAWgEtsjrajgWjiQj5Th3eF, cluster: GgSqqAyH7AVY3Umcv8NvncrjFaNJuQLmxzxFxPoPW2Yd }
2025-07-03T09:53:59.377728Z DEBUG arx::coordinator: arx/src/coordinator.rs:553: Coordinator received peers unit message
2025-07-03T09:53:59.377746Z DEBUG arx::coordinator: arx/src/coordinator.rs:407: Coordinator received circuit unit message
2025-07-03T09:53:59.377758Z DEBUG arx::unit::mempool_unit: arx/src/unit/mempool_unit.rs:278: Mempool account 75meJRarAYBbZxtmTWNgfYTjEA9kGXSpR3QUuefT2qWt contains the same computations as last update
2025-07-03T09:53:59.377762Z DEBUG arx::unit::cache_unit: arx/src/unit/cache_unit.rs:282: Cache is not ready for computation yet: ArxComputationInfo { comp_ref: ComputationReference { computation_offset: 18008650554014864323, priority_fee: 0, computation_definition_offset: 2458493680, padding: [0, 0, 0, 0] }, mxe: 75MYEEgbXuUeXwUa834fhyAWgEtsjrajgWjiQj5Th3eF, cluster: GgSqqAyH7AVY3Umcv8NvncrjFaNJuQLmxzxFxPoPW2Yd }
2025-07-03T09:53:59.377804Z DEBUG arx::unit::cache_unit: arx/src/unit/cache_unit.rs:282: Cache is not ready for computation yet: ArxComputationInfo { comp_ref: ComputationReference { computation_offset: 18008650554014864323, priority_fee: 0, computation_definition_offset: 2458493680, padding: [0, 0, 0, 0] }, mxe: 75MYEEgbXuUeXwUa834fhyAWgEtsjrajgWjiQj5Th3eF, cluster: GgSqqAyH7AVY3Umcv8NvncrjFaNJuQLmxzxFxPoPW2Yd }
2025-07-03T09:53:59.377821Z DEBUG arx::coordinator: arx/src/coordinator.rs:387: Coordinator received cache unit message
2025-07-03T09:53:59.378790Z DEBUG arx::coordinator: arx/src/coordinator.rs:490: Succesfully prefetched computation ArxComputationInfo { comp_ref: ComputationReference { computation_offset: 18008650554014864323, priority_fee: 0, computation_definition_offset: 2458493680, padding: [0, 0, 0, 0] }, mxe: 75MYEEgbXuUeXwUa834fhyAWgEtsjrajgWjiQj5Th3eF, cluster: GgSqqAyH7AVY3Umcv8NvncrjFaNJuQLmxzxFxPoPW2Yd }
2025-07-03T09:53:59.378816Z DEBUG arx::coordinator: arx/src/coordinator.rs:493: Coordinator received inputs unit message of type Inputs
2025-07-03T09:53:59.378828Z DEBUG arx::unit::cache_unit: arx/src/unit/cache_unit.rs:263: Cache is ready for computation: ArxComputationInfo { comp_ref: ComputationReference { computation_offset: 18008650554014864323, priority_fee: 0, computation_definition_offset: 2458493680, padding: [0, 0, 0, 0] }, mxe: 75MYEEgbXuUeXwUa834fhyAWgEtsjrajgWjiQj5Th3eF, cluster: GgSqqAyH7AVY3Umcv8NvncrjFaNJuQLmxzxFxPoPW2Yd }
2025-07-03T09:53:59.378854Z DEBUG arx::coordinator: arx/src/coordinator.rs:387: Coordinator received cache unit message
2025-07-03T09:53:59.378871Z DEBUG arx::unit::online_phase_unit: arx/src/unit/online_phase_unit.rs:224: Processing computation 166476169723141246874649789785493525626, connecting to peers
2025-07-03T09:53:59.378891Z DEBUG arx::unit::online_phase_unit: arx/src/unit/online_phase_unit.rs:235: Connected to peers for computation 166476169723141246874649789785493525626
2025-07-03T09:53:59.378898Z DEBUG arx::unit::online_phase_unit: arx/src/unit/online_phase_unit.rs:240: Processing Cerberus computation
2025-07-03T09:53:59.519746Z DEBUG arx::unit::online_phase_unit: arx/src/unit/online_phase_unit.rs:178: Output of computation is: Ok(ArxComputationOutput { computation: ArxComputation 166476169723141246874649789785493525626 (cluster: GgSqqAyH7AVY3Umcv8NvncrjFaNJuQLmxzxFxPoPW2Yd, mxe: 75MYEEgbXuUeXwUa834fhyAWgEtsjrajgWjiQj5Th3eF), outputs: Bytes([[24, 46, 55, 118, 165, 152, 111, 26, 74, 164, 138, 94, 43, 20, 35, 53, 132, 88, 92, 102, 123, 252, 193, 149, 37, 179, 205, 162, 234, 84, 58, 53], [83, 71, 5, 35, 129, 19, 71, 17, 6, 160, 113, 212, 158, 152, 170, 172], [9, 218, 195, 227, 169, 105, 248, 4, 27, 157, 96, 127, 51, 172, 230, 220, 43, 2, 31, 34, 118, 56, 144, 200, 100, 247, 147, 7, 111, 22, 231, 125]]) })
2025-07-03T09:53:59.519799Z DEBUG arx::coordinator: arx/src/coordinator.rs:543: Coordinator received online unit output: Ok(ArxComputationOutput { computation: ArxComputation 166476169723141246874649789785493525626 (cluster: GgSqqAyH7AVY3Umcv8NvncrjFaNJuQLmxzxFxPoPW2Yd, mxe: 75MYEEgbXuUeXwUa834fhyAWgEtsjrajgWjiQj5Th3eF), outputs: Bytes([[24, 46, 55, 118, 165, 152, 111, 26, 74, 164, 138, 94, 43, 20, 35, 53, 132, 88, 92, 102, 123, 252, 193, 149, 37, 179, 205, 162, 234, 84, 58, 53], [83, 71, 5, 35, 129, 19, 71, 17, 6, 160, 113, 212, 158, 152, 170, 172], [9, 218, 195, 227, 169, 105, 248, 4, 27, 157, 96, 127, 51, 172, 230, 220, 43, 2, 31, 34, 118, 56, 144, 200, 100, 247, 147, 7, 111, 22, 231, 125]]) })
2025-07-03T09:53:59.519818Z DEBUG arx::unit::computation_transaction_unit: arx/src/unit/computation_transaction_unit.rs:146: Callback computation for id 166476169723141246874649789785493525626
2025-07-03T09:53:59.790664Z DEBUG arx::coordinator: arx/src/coordinator.rs:469: Coordinator received execpool unit message: computations ids: []
2025-07-03T09:53:59.790857Z DEBUG arx::unit::mempool_unit: arx/src/unit/mempool_unit.rs:278: Mempool account 75meJRarAYBbZxtmTWNgfYTjEA9kGXSpR3QUuefT2qWt contains the same computations as last update
2025-07-03T09:53:59.791323Z DEBUG arx::unit::mxe_unit: arx/src/unit/mxe_unit.rs:330: Sending messages: []
2025-07-03T09:54:00.022987Z ERROR arx::unit::computation_transaction_unit: arx/src/unit/computation_transaction_unit.rs:329: Failed to send callback computation tx for mxe 75MYEEgbXuUeXwUa834fhyAWgEtsjrajgWjiQj5Th3eF error Error { request: None, kind: TransactionError(InstructionError(0, Custom(6047))) }
2025-07-03T09:54:00.023026Z ERROR arx::unit::computation_transaction_unit: arx/src/unit/computation_transaction_unit.rs:186: Failed to callback computation: RPC error: Failed to send callback computation tx for mxe 75MYEEgbXuUeXwUa834fhyAWgEtsjrajgWjiQj5Th3eF error Error { request: None, kind: TransactionError(InstructionError(0, Custom(6047))) }
2025-07-03T09:54:00.023050Z DEBUG arx::coordinator: arx/src/coordinator.rs:457: Coordinator received computation transaction unit message: failed to callback computation: ArxComputationInfo { comp_ref: ComputationReference { computation_offset: 18008650554014864323, priority_fee: 0, computation_definition_offset: 2458493680, padding: [0, 0, 0, 0] }, mxe: 75MYEEgbXuUeXwUa834fhyAWgEtsjrajgWjiQj5Th3eF, cluster: GgSqqAyH7AVY3Umcv8NvncrjFaNJuQLmxzxFxPoPW2Yd }
2025-07-03T09:54:00.023074Z ERROR arx::unit::state_unit: arx/src/unit/state_unit.rs:312: Attempted to make a computation ArxComputationInfo { comp_ref: ComputationReference { computation_offset: 18008650554014864323, priority_fee: 0, computation_definition_offset: 2458493680, padding: [0, 0, 0, 0] }, mxe: 75MYEEgbXuUeXwUa834fhyAWgEtsjrajgWjiQj5Th3eF, cluster: GgSqqAyH7AVY3Umcv8NvncrjFaNJuQLmxzxFxPoPW2Yd } failed when it was already finalized
2025-07-03T09:54:00.194993Z DEBUG arx::unit::mxe_unit: arx/src/unit/mxe_unit.rs:330: Sending messages: []
2025-07-03T09:54:00.195408Z DEBUG arx::unit::mempool_unit: arx/src/unit/mempool_unit.rs:278: Mempool account 75meJRarAYBbZxtmTWNgfYTjEA9kGXSpR3QUuefT2qWt contains the same computations as last update
2025-07-03T09:54:00.195465Z DEBUG arx::coordinator: arx/src/coordinator.rs:469: Coordinator received execpool unit message: computations ids: [15860026591744409981]
2025-07-03T09:54:00.195499Z DEBUG arx::coordinator: arx/src/coordinator.rs:564: Coordinator received state unit message: prefetch computation: ArxComputationInfo { comp_ref: ComputationReference { computation_offset: 15860026591744409981, priority_fee: 0, computation_definition_offset: 2458493680, padding: [0, 0, 0, 0] }, mxe: 75MYEEgbXuUeXwUa834fhyAWgEtsjrajgWjiQj5Th3eF, cluster: GgSqqAyH7AVY3Umcv8NvncrjFaNJuQLmxzxFxPoPW2Yd }
2025-07-03T09:54:00.195541Z DEBUG arx::coordinator: arx/src/coordinator.rs:588: Coordinator received state unit message: execute computation: ArxComputationInfo { comp_ref: ComputationReference { computation_offset: 15860026591744409981, priority_fee: 0, computation_definition_offset: 2458493680, padding: [0, 0, 0, 0] }, mxe: 75MYEEgbXuUeXwUa834fhyAWgEtsjrajgWjiQj5Th3eF, cluster: GgSqqAyH7AVY3Umcv8NvncrjFaNJuQLmxzxFxPoPW2Yd }
2025-07-03T09:54:00.195560Z DEBUG arx::unit::cache_unit: arx/src/unit/cache_unit.rs:282: Cache is not ready for computation yet: ArxComputationInfo { comp_ref: ComputationReference { computation_offset: 15860026591744409981, priority_fee: 0, computation_definition_offset: 2458493680, padding: [0, 0, 0, 0] }, mxe: 75MYEEgbXuUeXwUa834fhyAWgEtsjrajgWjiQj5Th3eF, cluster: GgSqqAyH7AVY3Umcv8NvncrjFaNJuQLmxzxFxPoPW2Yd }
2025-07-03T09:54:00.195579Z DEBUG arx::coordinator: arx/src/coordinator.rs:407: Coordinator received circuit unit message
2025-07-03T09:54:00.195604Z DEBUG arx::coordinator: arx/src/coordinator.rs:553: Coordinator received peers unit message
2025-07-03T09:54:00.195620Z DEBUG arx::unit::cache_unit: arx/src/unit/cache_unit.rs:282: Cache is not ready for computation yet: ArxComputationInfo { comp_ref: ComputationReference { computation_offset: 15860026591744409981, priority_fee: 0, computation_definition_offset: 2458493680, padding: [0, 0, 0, 0] }, mxe: 75MYEEgbXuUeXwUa834fhyAWgEtsjrajgWjiQj5Th3eF, cluster: GgSqqAyH7AVY3Umcv8NvncrjFaNJuQLmxzxFxPoPW2Yd }
2025-07-03T09:54:00.195640Z DEBUG arx::unit::cache_unit: arx/src/unit/cache_unit.rs:282: Cache is not ready for computation yet: ArxComputationInfo { comp_ref: ComputationReference { computation_offset: 15860026591744409981, priority_fee: 0, computation_definition_offset: 2458493680, padding: [0, 0, 0, 0] }, mxe: 75MYEEgbXuUeXwUa834fhyAWgEtsjrajgWjiQj5Th3eF, cluster: GgSqqAyH7AVY3Umcv8NvncrjFaNJuQLmxzxFxPoPW2Yd }
2025-07-03T09:54:00.195658Z DEBUG arx::coordinator: arx/src/coordinator.rs:387: Coordinator received cache unit message
2025-07-03T09:54:00.202738Z DEBUG arx::coordinator: arx/src/coordinator.rs:490: Succesfully prefetched computation ArxComputationInfo { comp_ref: ComputationReference { computation_offset: 15860026591744409981, priority_fee: 0, computation_definition_offset: 2458493680, padding: [0, 0, 0, 0] }, mxe: 75MYEEgbXuUeXwUa834fhyAWgEtsjrajgWjiQj5Th3eF, cluster: GgSqqAyH7AVY3Umcv8NvncrjFaNJuQLmxzxFxPoPW2Yd }
2025-07-03T09:54:00.202789Z DEBUG arx::coordinator: arx/src/coordinator.rs:493: Coordinator received inputs unit message of type Inputs
2025-07-03T09:54:00.202811Z DEBUG arx::unit::cache_unit: arx/src/unit/cache_unit.rs:263: Cache is ready for computation: ArxComputationInfo { comp_ref: ComputationReference { computation_offset: 15860026591744409981, priority_fee: 0, computation_definition_offset: 2458493680, padding: [0, 0, 0, 0] }, mxe: 75MYEEgbXuUeXwUa834fhyAWgEtsjrajgWjiQj5Th3eF, cluster: GgSqqAyH7AVY3Umcv8NvncrjFaNJuQLmxzxFxPoPW2Yd }
2025-07-03T09:54:00.202858Z DEBUG arx::coordinator: arx/src/coordinator.rs:387: Coordinator received cache unit message
2025-07-03T09:54:00.202885Z DEBUG arx::unit::online_phase_unit: arx/src/unit/online_phase_unit.rs:224: Processing computation 15965382068022210903312295556200171330, connecting to peers
2025-07-03T09:54:00.202911Z DEBUG arx::unit::online_phase_unit: arx/src/unit/online_phase_unit.rs:235: Connected to peers for computation 15965382068022210903312295556200171330
2025-07-03T09:54:00.202926Z DEBUG arx::unit::online_phase_unit: arx/src/unit/online_phase_unit.rs:240: Processing Cerberus computation
2025-07-03T09:54:00.338337Z DEBUG arx::unit::online_phase_unit: arx/src/unit/online_phase_unit.rs:178: Output of computation is: Ok(ArxComputationOutput { computation: ArxComputation 15965382068022210903312295556200171330 (cluster: GgSqqAyH7AVY3Umcv8NvncrjFaNJuQLmxzxFxPoPW2Yd, mxe: 75MYEEgbXuUeXwUa834fhyAWgEtsjrajgWjiQj5Th3eF), outputs: Bytes([[24, 46, 55, 118, 165, 152, 111, 26, 74, 164, 138, 94, 43, 20, 35, 53, 132, 88, 92, 102, 123, 252, 193, 149, 37, 179, 205, 162, 234, 84, 58, 53], [13, 78, 26, 198, 221, 174, 26, 236, 226, 22, 0, 234, 216, 56, 79, 74], [219, 95, 230, 112, 10, 55, 205, 73, 197, 105, 162, 46, 205, 62, 172, 175, 212, 109, 86, 44, 94, 240, 85, 15, 207, 199, 62, 102, 152, 197, 193, 60]]) })
2025-07-03T09:54:00.338401Z DEBUG arx::coordinator: arx/src/coordinator.rs:543: Coordinator received online unit output: Ok(ArxComputationOutput { computation: ArxComputation 15965382068022210903312295556200171330 (cluster: GgSqqAyH7AVY3Umcv8NvncrjFaNJuQLmxzxFxPoPW2Yd, mxe: 75MYEEgbXuUeXwUa834fhyAWgEtsjrajgWjiQj5Th3eF), outputs: Bytes([[24, 46, 55, 118, 165, 152, 111, 26, 74, 164, 138, 94, 43, 20, 35, 53, 132, 88, 92, 102, 123, 252, 193, 149, 37, 179, 205, 162, 234, 84, 58, 53], [13, 78, 26, 198, 221, 174, 26, 236, 226, 22, 0, 234, 216, 56, 79, 74], [219, 95, 230, 112, 10, 55, 205, 73, 197, 105, 162, 46, 205, 62, 172, 175, 212, 109, 86, 44, 94, 240, 85, 15, 207, 199, 62, 102, 152, 197, 193, 60]]) })
2025-07-03T09:54:00.338418Z DEBUG arx::unit::computation_transaction_unit: arx/src/unit/computation_transaction_unit.rs:146: Callback computation for id 15965382068022210903312295556200171330
2025-07-03T09:54:00.600702Z DEBUG arx::coordinator: arx/src/coordinator.rs:469: Coordinator received execpool unit message: computations ids: []
2025-07-03T09:54:00.600829Z DEBUG arx::unit::mempool_unit: arx/src/unit/mempool_unit.rs:278: Mempool account 75meJRarAYBbZxtmTWNgfYTjEA9kGXSpR3QUuefT2qWt contains the same computations as last update
2025-07-03T09:54:00.601327Z DEBUG arx::unit::mxe_unit: arx/src/unit/mxe_unit.rs:330: Sending messages: []
2025-07-03T09:54:00.841021Z DEBUG arx::unit::computation_transaction_unit: arx/src/unit/computation_transaction_unit.rs:303: Sent callback computation tx for mxe 75MYEEgbXuUeXwUa834fhyAWgEtsjrajgWjiQj5Th3eF with sig GUhAjXaEcWb5iejMaN2nan48X4VzK1zzyhDHRXLZ8WHUw16xA4RBjNZxQteHwtWeiR2dTFZTMonBTrfCwBHK7Eq
2025-07-03T09:54:00.841082Z DEBUG arx::coordinator: arx/src/coordinator.rs:440: Coordinator received computation transaction unit message: callback computation completed computation: ArxComputationInfo { comp_ref: ComputationReference { computation_offset: 15860026591744409981, priority_fee: 0, computation_definition_offset: 2458493680, padding: [0, 0, 0, 0] }, mxe: 75MYEEgbXuUeXwUa834fhyAWgEtsjrajgWjiQj5Th3eF, cluster: GgSqqAyH7AVY3Umcv8NvncrjFaNJuQLmxzxFxPoPW2Yd }
2025-07-03T09:54:00.841113Z DEBUG arx::unit::state_unit: arx/src/unit/state_unit.rs:278: Attempted to make a computation ArxComputationInfo { comp_ref: ComputationReference { computation_offset: 15860026591744409981, priority_fee: 0, computation_definition_offset: 2458493680, padding: [0, 0, 0, 0] }, mxe: 75MYEEgbXuUeXwUa834fhyAWgEtsjrajgWjiQj5Th3eF, cluster: GgSqqAyH7AVY3Umcv8NvncrjFaNJuQLmxzxFxPoPW2Yd } callbacked when it was already finalized
2025-07-03T09:54:00.841122Z  WARN arx::unit::cache_unit: arx/src/unit/cache_unit.rs:137: Cache does not contains computation or it was not executed ArxComputationInfo { comp_ref: ComputationReference { computation_offset: 15860026591744409981, priority_fee: 0, computation_definition_offset: 2458493680, padding: [0, 0, 0, 0] }, mxe: 75MYEEgbXuUeXwUa834fhyAWgEtsjrajgWjiQj5Th3eF, cluster: GgSqqAyH7AVY3Umcv8NvncrjFaNJuQLmxzxFxPoPW2Yd }
2025-07-03T09:54:01.007395Z DEBUG arx::unit::mxe_unit: arx/src/unit/mxe_unit.rs:330: Sending messages: []
2025-07-03T09:54:01.007474Z DEBUG arx::coordinator: arx/src/coordinator.rs:469: Coordinator received execpool unit message: computations ids: [15957616181357697177]
2025-07-03T09:54:01.007514Z DEBUG arx::coordinator: arx/src/coordinator.rs:564: Coordinator received state unit message: prefetch computation: ArxComputationInfo { comp_ref: ComputationReference { computation_offset: 15957616181357697177, priority_fee: 0, computation_definition_offset: 3396793639, padding: [0, 0, 0, 0] }, mxe: 75MYEEgbXuUeXwUa834fhyAWgEtsjrajgWjiQj5Th3eF, cluster: GgSqqAyH7AVY3Umcv8NvncrjFaNJuQLmxzxFxPoPW2Yd }
2025-07-03T09:54:01.007561Z DEBUG arx::unit::mempool_unit: arx/src/unit/mempool_unit.rs:278: Mempool account 75meJRarAYBbZxtmTWNgfYTjEA9kGXSpR3QUuefT2qWt contains the same computations as last update
2025-07-03T09:54:01.007577Z DEBUG arx::coordinator: arx/src/coordinator.rs:588: Coordinator received state unit message: execute computation: ArxComputationInfo { comp_ref: ComputationReference { computation_offset: 15957616181357697177, priority_fee: 0, computation_definition_offset: 3396793639, padding: [0, 0, 0, 0] }, mxe: 75MYEEgbXuUeXwUa834fhyAWgEtsjrajgWjiQj5Th3eF, cluster: GgSqqAyH7AVY3Umcv8NvncrjFaNJuQLmxzxFxPoPW2Yd }
2025-07-03T09:54:01.007604Z DEBUG arx::unit::cache_unit: arx/src/unit/cache_unit.rs:282: Cache is not ready for computation yet: ArxComputationInfo { comp_ref: ComputationReference { computation_offset: 15957616181357697177, priority_fee: 0, computation_definition_offset: 3396793639, padding: [0, 0, 0, 0] }, mxe: 75MYEEgbXuUeXwUa834fhyAWgEtsjrajgWjiQj5Th3eF, cluster: GgSqqAyH7AVY3Umcv8NvncrjFaNJuQLmxzxFxPoPW2Yd }
2025-07-03T09:54:01.007618Z DEBUG arx::coordinator: arx/src/coordinator.rs:553: Coordinator received peers unit message
2025-07-03T09:54:01.007639Z DEBUG arx::unit::cache_unit: arx/src/unit/cache_unit.rs:282: Cache is not ready for computation yet: ArxComputationInfo { comp_ref: ComputationReference { computation_offset: 15957616181357697177, priority_fee: 0, computation_definition_offset: 3396793639, padding: [0, 0, 0, 0] }, mxe: 75MYEEgbXuUeXwUa834fhyAWgEtsjrajgWjiQj5Th3eF, cluster: GgSqqAyH7AVY3Umcv8NvncrjFaNJuQLmxzxFxPoPW2Yd }
2025-07-03T09:54:01.046139Z DEBUG arx::program: arx/src/program.rs:185: Getting compiled circuit onchain: EF8wzhfbeLLXUsXbUVpWtdQod2JE4jdYzor2p47bgctH
2025-07-03T09:54:01.046194Z DEBUG arx::program: arx/src/program.rs:251: Fetching circuit on-chain from zMWCiSD2DsRyBH1FxEzJ7miFXoKKExtXfzWzHmuYsz3 (1/1)
2025-07-03T09:54:01.048805Z DEBUG arx::coordinator: arx/src/coordinator.rs:490: Succesfully prefetched computation ArxComputationInfo { comp_ref: ComputationReference { computation_offset: 15957616181357697177, priority_fee: 0, computation_definition_offset: 3396793639, padding: [0, 0, 0, 0] }, mxe: 75MYEEgbXuUeXwUa834fhyAWgEtsjrajgWjiQj5Th3eF, cluster: GgSqqAyH7AVY3Umcv8NvncrjFaNJuQLmxzxFxPoPW2Yd }
2025-07-03T09:54:01.048851Z DEBUG arx::coordinator: arx/src/coordinator.rs:493: Coordinator received inputs unit message of type Inputs
2025-07-03T09:54:01.048872Z DEBUG arx::unit::cache_unit: arx/src/unit/cache_unit.rs:282: Cache is not ready for computation yet: ArxComputationInfo { comp_ref: ComputationReference { computation_offset: 15957616181357697177, priority_fee: 0, computation_definition_offset: 3396793639, padding: [0, 0, 0, 0] }, mxe: 75MYEEgbXuUeXwUa834fhyAWgEtsjrajgWjiQj5Th3eF, cluster: GgSqqAyH7AVY3Umcv8NvncrjFaNJuQLmxzxFxPoPW2Yd }
2025-07-03T09:54:01.093308Z DEBUG arx::program: arx/src/program.rs:269: Fetched circuit on-chain from zMWCiSD2DsRyBH1FxEzJ7miFXoKKExtXfzWzHmuYsz3 (1/1)
2025-07-03T09:54:01.310785Z DEBUG arx::coordinator: arx/src/coordinator.rs:407: Coordinator received circuit unit message
2025-07-03T09:54:01.310864Z DEBUG arx::unit::cache_unit: arx/src/unit/cache_unit.rs:263: Cache is ready for computation: ArxComputationInfo { comp_ref: ComputationReference { computation_offset: 15957616181357697177, priority_fee: 0, computation_definition_offset: 3396793639, padding: [0, 0, 0, 0] }, mxe: 75MYEEgbXuUeXwUa834fhyAWgEtsjrajgWjiQj5Th3eF, cluster: GgSqqAyH7AVY3Umcv8NvncrjFaNJuQLmxzxFxPoPW2Yd }
2025-07-03T09:54:01.310900Z DEBUG arx::coordinator: arx/src/coordinator.rs:387: Coordinator received cache unit message
2025-07-03T09:54:01.310934Z DEBUG arx::unit::online_phase_unit: arx/src/unit/online_phase_unit.rs:224: Processing computation 308213323847777721051746334432459104908, connecting to peers
2025-07-03T09:54:01.310955Z DEBUG arx::unit::online_phase_unit: arx/src/unit/online_phase_unit.rs:235: Connected to peers for computation 308213323847777721051746334432459104908
2025-07-03T09:54:01.310962Z DEBUG arx::unit::online_phase_unit: arx/src/unit/online_phase_unit.rs:240: Processing Cerberus computation
2025-07-03T09:54:01.632672Z DEBUG arx::unit::online_phase_unit: arx/src/unit/online_phase_unit.rs:178: Output of computation is: Ok(ArxComputationOutput { computation: ArxComputation 308213323847777721051746334432459104908 (cluster: GgSqqAyH7AVY3Umcv8NvncrjFaNJuQLmxzxFxPoPW2Yd, mxe: 75MYEEgbXuUeXwUa834fhyAWgEtsjrajgWjiQj5Th3eF), outputs: Bytes([[1], [24, 46, 55, 118, 165, 152, 111, 26, 74, 164, 138, 94, 43, 20, 35, 53, 132, 88, 92, 102, 123, 252, 193, 149, 37, 179, 205, 162, 234, 84, 58, 53], [84, 71, 5, 35, 129, 19, 71, 17, 6, 160, 113, 212, 158, 152, 170, 172], [252, 241, 211, 203, 71, 154, 242, 155, 202, 150, 254, 129, 116, 183, 220, 156, 194, 124, 137, 214, 142, 29, 152, 246, 238, 66, 64, 67, 141, 151, 216, 40], [24, 46, 55, 118, 165, 152, 111, 26, 74, 164, 138, 94, 43, 20, 35, 53, 132, 88, 92, 102, 123, 252, 193, 149, 37, 179, 205, 162, 234, 84, 58, 53], [14, 78, 26, 198, 221, 174, 26, 236, 226, 22, 0, 234, 216, 56, 79, 74], [26, 64, 216, 93, 225, 145, 82, 204, 130, 165, 54, 98, 72, 171, 46, 177, 8, 208, 93, 77, 75, 37, 190, 110, 170, 175, 190, 147, 242, 12, 88, 82]]) })
2025-07-03T09:54:01.632727Z DEBUG arx::coordinator: arx/src/coordinator.rs:543: Coordinator received online unit output: Ok(ArxComputationOutput { computation: ArxComputation 308213323847777721051746334432459104908 (cluster: GgSqqAyH7AVY3Umcv8NvncrjFaNJuQLmxzxFxPoPW2Yd, mxe: 75MYEEgbXuUeXwUa834fhyAWgEtsjrajgWjiQj5Th3eF), outputs: Bytes([[1], [24, 46, 55, 118, 165, 152, 111, 26, 74, 164, 138, 94, 43, 20, 35, 53, 132, 88, 92, 102, 123, 252, 193, 149, 37, 179, 205, 162, 234, 84, 58, 53], [84, 71, 5, 35, 129, 19, 71, 17, 6, 160, 113, 212, 158, 152, 170, 172], [252, 241, 211, 203, 71, 154, 242, 155, 202, 150, 254, 129, 116, 183, 220, 156, 194, 124, 137, 214, 142, 29, 152, 246, 238, 66, 64, 67, 141, 151, 216, 40], [24, 46, 55, 118, 165, 152, 111, 26, 74, 164, 138, 94, 43, 20, 35, 53, 132, 88, 92, 102, 123, 252, 193, 149, 37, 179, 205, 162, 234, 84, 58, 53], [14, 78, 26, 198, 221, 174, 26, 236, 226, 22, 0, 234, 216, 56, 79, 74], [26, 64, 216, 93, 225, 145, 82, 204, 130, 165, 54, 98, 72, 171, 46, 177, 8, 208, 93, 77, 75, 37, 190, 110, 170, 175, 190, 147, 242, 12, 88, 82]]) })
2025-07-03T09:54:01.632749Z DEBUG arx::unit::computation_transaction_unit: arx/src/unit/computation_transaction_unit.rs:146: Callback computation for id 308213323847777721051746334432459104908
2025-07-03T09:54:01.816256Z DEBUG arx::coordinator: arx/src/coordinator.rs:469: Coordinator received execpool unit message: computations ids: []
2025-07-03T09:54:01.823799Z DEBUG arx::unit::mempool_unit: arx/src/unit/mempool_unit.rs:278: Mempool account 75meJRarAYBbZxtmTWNgfYTjEA9kGXSpR3QUuefT2qWt contains the same computations as last update
2025-07-03T09:54:01.823888Z DEBUG arx::unit::mxe_unit: arx/src/unit/mxe_unit.rs:330: Sending messages: []
2025-07-03T09:54:02.136542Z ERROR arx::unit::computation_transaction_unit: arx/src/unit/computation_transaction_unit.rs:329: Failed to send callback computation tx for mxe 75MYEEgbXuUeXwUa834fhyAWgEtsjrajgWjiQj5Th3eF error Error { request: None, kind: TransactionError(InstructionError(0, Custom(6047))) }
2025-07-03T09:54:02.136595Z ERROR arx::unit::computation_transaction_unit: arx/src/unit/computation_transaction_unit.rs:186: Failed to callback computation: RPC error: Failed to send callback computation tx for mxe 75MYEEgbXuUeXwUa834fhyAWgEtsjrajgWjiQj5Th3eF error Error { request: None, kind: TransactionError(InstructionError(0, Custom(6047))) }
2025-07-03T09:54:02.136623Z DEBUG arx::coordinator: arx/src/coordinator.rs:457: Coordinator received computation transaction unit message: failed to callback computation: ArxComputationInfo { comp_ref: ComputationReference { computation_offset: 15957616181357697177, priority_fee: 0, computation_definition_offset: 3396793639, padding: [0, 0, 0, 0] }, mxe: 75MYEEgbXuUeXwUa834fhyAWgEtsjrajgWjiQj5Th3eF, cluster: GgSqqAyH7AVY3Umcv8NvncrjFaNJuQLmxzxFxPoPW2Yd }
2025-07-03T09:54:02.136649Z ERROR arx::unit::state_unit: arx/src/unit/state_unit.rs:312: Attempted to make a computation ArxComputationInfo { comp_ref: ComputationReference { computation_offset: 15957616181357697177, priority_fee: 0, computation_definition_offset: 3396793639, padding: [0, 0, 0, 0] }, mxe: 75MYEEgbXuUeXwUa834fhyAWgEtsjrajgWjiQj5Th3eF, cluster: GgSqqAyH7AVY3Umcv8NvncrjFaNJuQLmxzxFxPoPW2Yd } failed when it was already finalized
2025-07-03T09:54:02.630928Z  WARN arx::unit::mxe_unit: arx/src/unit/mxe_unit.rs:257: Stream closed for cluster account GgSqqAyH7AVY3Umcv8NvncrjFaNJuQLmxzxFxPoPW2Yd
2025-07-03T09:54:02.631126Z ERROR arx::unit: arx/src/unit.rs:123: Failed to create new WebSocket connection (attempt 1/5): unable to connect to server
2025-07-03T09:54:02.631187Z  WARN arx::unit::execpool_unit: arx/src/unit/execpool_unit.rs:202: Stream closed for execpool account Af9LM2ZiUGkiRE6mW57dpq6ZEkA7jCfaqsD4tUKUDzZp, attempting to resubscribe
2025-07-03T09:54:02.631221Z  WARN arx::unit::mempool_unit: arx/src/unit/mempool_unit.rs:195: Stream closed for mempool account 75meJRarAYBbZxtmTWNgfYTjEA9kGXSpR3QUuefT2qWt, attempting to resubscribe
2025-07-03T09:54:02.631225Z  WARN arx::unit::cluster_unit: arx/src/unit/cluster_unit.rs:233: Stream closed for arx account XdfSwb8ZajhN7CerfBSJVhyfx5fyLtv34QVKSRgMFA9
2025-07-03T09:54:02.631334Z ERROR arx::unit: arx/src/unit.rs:123: Failed to create new WebSocket connection (attempt 1/5): unable to connect to server
2025-07-03T09:54:02.631344Z ERROR arx::unit: arx/src/unit.rs:123: Failed to create new WebSocket connection (attempt 1/5): unable to connect to server
2025-07-03T09:54:02.631402Z ERROR arx::unit: arx/src/unit.rs:123: Failed to create new WebSocket connection (attempt 1/5): unable to connect to server
2025-07-03T09:54:03.631884Z ERROR arx::unit: arx/src/unit.rs:123: Failed to create new WebSocket connection (attempt 2/5): unable to connect to server
2025-07-03T09:54:03.633334Z ERROR arx::unit: arx/src/unit.rs:123: Failed to create new WebSocket connection (attempt 2/5): unable to connect to server
2025-07-03T09:54:03.633355Z ERROR arx::unit: arx/src/unit.rs:123: Failed to create new WebSocket connection (attempt 2/5): unable to connect to server
2025-07-03T09:54:03.633365Z ERROR arx::unit: arx/src/unit.rs:123: Failed to create new WebSocket connection (attempt 2/5): unable to connect to server
2025-07-03T09:54:05.633067Z ERROR arx::unit: arx/src/unit.rs:123: Failed to create new WebSocket connection (attempt 3/5): unable to connect to server
2025-07-03T09:54:05.635444Z ERROR arx::unit: arx/src/unit.rs:123: Failed to create new WebSocket connection (attempt 3/5): unable to connect to server
2025-07-03T09:54:05.635506Z ERROR arx::unit: arx/src/unit.rs:123: Failed to create new WebSocket connection (attempt 3/5): unable to connect to server
2025-07-03T09:54:05.635522Z ERROR arx::unit: arx/src/unit.rs:123: Failed to create new WebSocket connection (attempt 3/5): unable to connect to server
2025-07-03T09:54:09.634239Z ERROR arx::unit: arx/src/unit.rs:123: Failed to create new WebSocket connection (attempt 4/5): unable to connect to server
2025-07-03T09:54:09.636864Z ERROR arx::unit: arx/src/unit.rs:123: Failed to create new WebSocket connection (attempt 4/5): unable to connect to server
2025-07-03T09:54:09.636871Z ERROR arx::unit: arx/src/unit.rs:123: Failed to create new WebSocket connection (attempt 4/5): unable to connect to server
2025-07-03T09:54:09.636879Z ERROR arx::unit: arx/src/unit.rs:123: Failed to create new WebSocket connection (attempt 4/5): unable to connect to server
