2025-07-03T09:53:52.312582Z  INFO arx: arx/src/main.rs:46: Running ARX
2025-07-03T09:53:52.312635Z DEBUG arx: arx/src/main.rs:48: Installing AWS LC crypto provider
2025-07-03T09:53:52.312648Z DEBUG arx: arx/src/main.rs:53: Reading node keypair and identity files from env
2025-07-03T09:53:52.312655Z DEBUG arx: arx/src/main.rs:59: Checking Solana is up and running
2025-07-03T09:53:52.358959Z  INFO arx: arx/src/main.rs:65: Creating coordinator
2025-07-03T09:53:52.818276Z  INFO arx::unit::cache_unit: arx/src/unit/cache_unit.rs:92: Cache unit started
2025-07-03T09:53:52.818285Z  INFO arx::unit::circuit_unit: arx/src/unit/circuit_unit.rs:69: Circuit unit started
2025-07-03T09:53:52.818306Z  INFO arx: arx/src/main.rs:71: Starting coordinator
2025-07-03T09:53:52.818313Z  INFO arx::unit::computation_transaction_unit: arx/src/unit/computation_transaction_unit.rs:138: Computation transaction unit started
2025-07-03T09:53:52.818326Z  INFO arx: arx/src/main.rs:74: Waiting for Ctrl+C
2025-07-03T09:53:52.818347Z  INFO arx::unit::execpool_unit: arx/src/unit/execpool_unit.rs:108: Execpool unit started
2025-07-03T09:53:52.818352Z  INFO arx::unit::mempool_unit: arx/src/unit/mempool_unit.rs:101: Mempool unit started
2025-07-03T09:53:52.818346Z  INFO arx::unit::cluster_unit: arx/src/unit/cluster_unit.rs:144: Cluster unit started
2025-07-03T09:53:52.818361Z  INFO arx::unit::node_transaction_unit: arx/src/unit/node_transaction_unit.rs:98: Node transaction unit started
2025-07-03T09:53:52.818370Z  INFO arx::unit::peers_unit: arx/src/unit/peers_unit.rs:87: Peers unit started
2025-07-03T09:53:52.818411Z  INFO arx::coordinator: arx/src/coordinator.rs:364: Coordinator started
2025-07-03T09:53:52.818435Z  INFO arx::unit::mxe_unit: arx/src/unit/mxe_unit.rs:100: MXE unit started
2025-07-03T09:53:52.818355Z  INFO arx::unit::inputs_unit: arx/src/unit/inputs_unit.rs:88: Inputs unit started
2025-07-03T09:53:52.818384Z  INFO arx::unit::state_unit: arx/src/unit/state_unit.rs:126: State unit started
2025-07-03T09:53:52.818377Z  INFO arx::unit::online_phase_unit: arx/src/unit/online_phase_unit.rs:149: Online phase unit started
2025-07-03T09:53:52.819136Z DEBUG arx::unit::node_transaction_unit: arx/src/unit/node_transaction_unit.rs:112: Activating ARX node (attempt 1/5)
2025-07-03T09:53:52.819789Z DEBUG arx::unit::mxe_unit: arx/src/unit/mxe_unit.rs:125: Fetching initial mxe accs via rpc
2025-07-03T09:53:52.820394Z DEBUG arx::unit::mxe_unit: arx/src/unit/mxe_unit.rs:330: Sending messages: [MXEUnitOutMessage { cluster: GgSqqAyH7AVY3Umcv8NvncrjFaNJuQLmxzxFxPoPW2Yd, mxe: 75MYEEgbXuUeXwUa834fhyAWgEtsjrajgWjiQj5Th3eF, status: Joined }]
2025-07-03T09:53:53.322209Z DEBUG arx::unit::node_transaction_unit: arx/src/unit/node_transaction_unit.rs:128: ARX node activated
2025-07-03T09:53:53.322235Z DEBUG arx::coordinator: arx/src/coordinator.rs:370: Coordinator received activation unit message: activated
2025-07-03T09:53:53.322245Z DEBUG arx::coordinator: arx/src/coordinator.rs:417: Coordinator received cluster unit message: cluster: 0, status: Joined
2025-07-03T09:53:53.322271Z DEBUG arx::coordinator: arx/src/coordinator.rs:528: Coordinator received mxe unit message: cluster: GgSqqAyH7AVY3Umcv8NvncrjFaNJuQLmxzxFxPoPW2Yd, mxe: 75MYEEgbXuUeXwUa834fhyAWgEtsjrajgWjiQj5Th3eF, status: Joined
2025-07-03T09:53:53.322296Z  WARN arx::unit::mxe_unit: arx/src/unit/mxe_unit.rs:189: Cluster account GgSqqAyH7AVY3Umcv8NvncrjFaNJuQLmxzxFxPoPW2Yd already being observed.
2025-07-03T09:53:53.323999Z DEBUG arx::coordinator: arx/src/coordinator.rs:508: Coordinator received mempool unit message: computations ids: []
2025-07-03T09:53:53.324077Z DEBUG arx::coordinator: arx/src/coordinator.rs:469: Coordinator received execpool unit message: computations ids: []
2025-07-03T09:53:53.324125Z DEBUG arx::unit::mempool_unit: arx/src/unit/mempool_unit.rs:147: Subscribed to mempool account 75meJRarAYBbZxtmTWNgfYTjEA9kGXSpR3QUuefT2qWt
2025-07-03T09:53:53.324164Z DEBUG arx::unit::execpool_unit: arx/src/unit/execpool_unit.rs:154: Subscribed to execpool account Af9LM2ZiUGkiRE6mW57dpq6ZEkA7jCfaqsD4tUKUDzZp
2025-07-03T09:53:57.757476Z DEBUG arx::unit::mxe_unit: arx/src/unit/mxe_unit.rs:330: Sending messages: []
2025-07-03T09:53:57.758241Z DEBUG arx::unit::mempool_unit: arx/src/unit/mempool_unit.rs:278: Mempool account 75meJRarAYBbZxtmTWNgfYTjEA9kGXSpR3QUuefT2qWt contains the same computations as last update
2025-07-03T09:53:57.758412Z DEBUG arx::coordinator: arx/src/coordinator.rs:469: Coordinator received execpool unit message: computations ids: [6698534668174109504]
2025-07-03T09:53:57.758482Z DEBUG arx::coordinator: arx/src/coordinator.rs:564: Coordinator received state unit message: prefetch computation: ArxComputationInfo { comp_ref: ComputationReference { computation_offset: 6698534668174109504, priority_fee: 0, computation_definition_offset: 2458493680, padding: [0, 0, 0, 0] }, mxe: 75MYEEgbXuUeXwUa834fhyAWgEtsjrajgWjiQj5Th3eF, cluster: GgSqqAyH7AVY3Umcv8NvncrjFaNJuQLmxzxFxPoPW2Yd }
2025-07-03T09:53:57.758554Z DEBUG arx::coordinator: arx/src/coordinator.rs:588: Coordinator received state unit message: execute computation: ArxComputationInfo { comp_ref: ComputationReference { computation_offset: 6698534668174109504, priority_fee: 0, computation_definition_offset: 2458493680, padding: [0, 0, 0, 0] }, mxe: 75MYEEgbXuUeXwUa834fhyAWgEtsjrajgWjiQj5Th3eF, cluster: GgSqqAyH7AVY3Umcv8NvncrjFaNJuQLmxzxFxPoPW2Yd }
2025-07-03T09:53:57.758577Z DEBUG arx::unit::cache_unit: arx/src/unit/cache_unit.rs:282: Cache is not ready for computation yet: ArxComputationInfo { comp_ref: ComputationReference { computation_offset: 6698534668174109504, priority_fee: 0, computation_definition_offset: 2458493680, padding: [0, 0, 0, 0] }, mxe: 75MYEEgbXuUeXwUa834fhyAWgEtsjrajgWjiQj5Th3eF, cluster: GgSqqAyH7AVY3Umcv8NvncrjFaNJuQLmxzxFxPoPW2Yd }
2025-07-03T09:53:57.760173Z DEBUG arx::program: arx/src/program.rs:185: Getting compiled circuit onchain: BnohxKDyVXsCM1VcjTcPoi6KrWC6oK5jcZWMNan32sjV
2025-07-03T09:53:57.760235Z DEBUG arx::program: arx/src/program.rs:251: Fetching circuit on-chain from 6qvmg5vMJJwtGoKdx6pZ84L1wuAcquqkfxgvwLoB3t9V (1/1)
2025-07-03T09:53:57.760839Z DEBUG arx::coordinator: arx/src/coordinator.rs:490: Succesfully prefetched computation ArxComputationInfo { comp_ref: ComputationReference { computation_offset: 6698534668174109504, priority_fee: 0, computation_definition_offset: 2458493680, padding: [0, 0, 0, 0] }, mxe: 75MYEEgbXuUeXwUa834fhyAWgEtsjrajgWjiQj5Th3eF, cluster: GgSqqAyH7AVY3Umcv8NvncrjFaNJuQLmxzxFxPoPW2Yd }
2025-07-03T09:53:57.760871Z DEBUG arx::coordinator: arx/src/coordinator.rs:493: Coordinator received inputs unit message of type Inputs
2025-07-03T09:53:57.760887Z DEBUG arx::unit::cache_unit: arx/src/unit/cache_unit.rs:282: Cache is not ready for computation yet: ArxComputationInfo { comp_ref: ComputationReference { computation_offset: 6698534668174109504, priority_fee: 0, computation_definition_offset: 2458493680, padding: [0, 0, 0, 0] }, mxe: 75MYEEgbXuUeXwUa834fhyAWgEtsjrajgWjiQj5Th3eF, cluster: GgSqqAyH7AVY3Umcv8NvncrjFaNJuQLmxzxFxPoPW2Yd }
2025-07-03T09:53:57.797428Z DEBUG arx::coordinator: arx/src/coordinator.rs:553: Coordinator received peers unit message
2025-07-03T09:53:57.797464Z DEBUG arx::unit::cache_unit: arx/src/unit/cache_unit.rs:282: Cache is not ready for computation yet: ArxComputationInfo { comp_ref: ComputationReference { computation_offset: 6698534668174109504, priority_fee: 0, computation_definition_offset: 2458493680, padding: [0, 0, 0, 0] }, mxe: 75MYEEgbXuUeXwUa834fhyAWgEtsjrajgWjiQj5Th3eF, cluster: GgSqqAyH7AVY3Umcv8NvncrjFaNJuQLmxzxFxPoPW2Yd }
2025-07-03T09:53:57.811897Z DEBUG arx::program: arx/src/program.rs:269: Fetched circuit on-chain from 6qvmg5vMJJwtGoKdx6pZ84L1wuAcquqkfxgvwLoB3t9V (1/1)
2025-07-03T09:53:57.850144Z DEBUG arx::coordinator: arx/src/coordinator.rs:407: Coordinator received circuit unit message
2025-07-03T09:53:57.850208Z DEBUG arx::unit::cache_unit: arx/src/unit/cache_unit.rs:263: Cache is ready for computation: ArxComputationInfo { comp_ref: ComputationReference { computation_offset: 6698534668174109504, priority_fee: 0, computation_definition_offset: 2458493680, padding: [0, 0, 0, 0] }, mxe: 75MYEEgbXuUeXwUa834fhyAWgEtsjrajgWjiQj5Th3eF, cluster: GgSqqAyH7AVY3Umcv8NvncrjFaNJuQLmxzxFxPoPW2Yd }
2025-07-03T09:53:57.850248Z DEBUG arx::coordinator: arx/src/coordinator.rs:387: Coordinator received cache unit message
2025-07-03T09:53:57.850276Z DEBUG arx::unit::online_phase_unit: arx/src/unit/online_phase_unit.rs:224: Processing computation 76019574572329406491814511857156281454, connecting to peers
2025-07-03T09:53:57.852768Z DEBUG arx::unit::online_phase_unit: arx/src/unit/online_phase_unit.rs:235: Connected to peers for computation 76019574572329406491814511857156281454
2025-07-03T09:53:57.852801Z DEBUG arx::unit::online_phase_unit: arx/src/unit/online_phase_unit.rs:240: Processing Cerberus computation
2025-07-03T09:53:57.974192Z DEBUG arx::unit::online_phase_unit: arx/src/unit/online_phase_unit.rs:178: Output of computation is: Ok(ArxComputationOutput { computation: ArxComputation 76019574572329406491814511857156281454 (cluster: GgSqqAyH7AVY3Umcv8NvncrjFaNJuQLmxzxFxPoPW2Yd, mxe: 75MYEEgbXuUeXwUa834fhyAWgEtsjrajgWjiQj5Th3eF), outputs: Bytes([[190, 108, 53, 3, 93, 246, 140, 0, 152, 114, 34, 142, 247, 0, 193, 43, 138, 222, 198, 142, 23, 47, 76, 97, 139, 210, 1, 102, 115, 111, 155, 7], [116, 156, 126, 129, 67, 61, 34, 52, 179, 139, 238, 91, 86, 129, 83, 49], [240, 33, 37, 143, 25, 64, 208, 14, 151, 138, 234, 13, 16, 121, 102, 81, 196, 212, 217, 34, 52, 92, 115, 212, 192, 69, 229, 239, 218, 177, 17, 69]]) })
2025-07-03T09:53:57.974374Z DEBUG arx::coordinator: arx/src/coordinator.rs:543: Coordinator received online unit output: Ok(ArxComputationOutput { computation: ArxComputation 76019574572329406491814511857156281454 (cluster: GgSqqAyH7AVY3Umcv8NvncrjFaNJuQLmxzxFxPoPW2Yd, mxe: 75MYEEgbXuUeXwUa834fhyAWgEtsjrajgWjiQj5Th3eF), outputs: Bytes([[190, 108, 53, 3, 93, 246, 140, 0, 152, 114, 34, 142, 247, 0, 193, 43, 138, 222, 198, 142, 23, 47, 76, 97, 139, 210, 1, 102, 115, 111, 155, 7], [116, 156, 126, 129, 67, 61, 34, 52, 179, 139, 238, 91, 86, 129, 83, 49], [240, 33, 37, 143, 25, 64, 208, 14, 151, 138, 234, 13, 16, 121, 102, 81, 196, 212, 217, 34, 52, 92, 115, 212, 192, 69, 229, 239, 218, 177, 17, 69]]) })
2025-07-03T09:53:57.974399Z DEBUG arx::unit::computation_transaction_unit: arx/src/unit/computation_transaction_unit.rs:146: Callback computation for id 76019574572329406491814511857156281454
2025-07-03T09:53:58.163492Z DEBUG arx::coordinator: arx/src/coordinator.rs:469: Coordinator received execpool unit message: computations ids: []
2025-07-03T09:53:58.163656Z DEBUG arx::unit::mempool_unit: arx/src/unit/mempool_unit.rs:278: Mempool account 75meJRarAYBbZxtmTWNgfYTjEA9kGXSpR3QUuefT2qWt contains the same computations as last update
2025-07-03T09:53:58.163713Z DEBUG arx::unit::mxe_unit: arx/src/unit/mxe_unit.rs:330: Sending messages: []
2025-07-03T09:53:58.478449Z DEBUG arx::unit::computation_transaction_unit: arx/src/unit/computation_transaction_unit.rs:303: Sent callback computation tx for mxe 75MYEEgbXuUeXwUa834fhyAWgEtsjrajgWjiQj5Th3eF with sig 4vDQWhVLLgpUS2uM1dPiek9WmxHvWCBuXi3CfLbuDjfsb6nKnNFAEtR2wWwQxJobdq3g6SZAc3mSNstFy4WrJi3y
2025-07-03T09:53:58.478519Z DEBUG arx::coordinator: arx/src/coordinator.rs:440: Coordinator received computation transaction unit message: callback computation completed computation: ArxComputationInfo { comp_ref: ComputationReference { computation_offset: 6698534668174109504, priority_fee: 0, computation_definition_offset: 2458493680, padding: [0, 0, 0, 0] }, mxe: 75MYEEgbXuUeXwUa834fhyAWgEtsjrajgWjiQj5Th3eF, cluster: GgSqqAyH7AVY3Umcv8NvncrjFaNJuQLmxzxFxPoPW2Yd }
2025-07-03T09:53:58.478551Z DEBUG arx::unit::state_unit: arx/src/unit/state_unit.rs:278: Attempted to make a computation ArxComputationInfo { comp_ref: ComputationReference { computation_offset: 6698534668174109504, priority_fee: 0, computation_definition_offset: 2458493680, padding: [0, 0, 0, 0] }, mxe: 75MYEEgbXuUeXwUa834fhyAWgEtsjrajgWjiQj5Th3eF, cluster: GgSqqAyH7AVY3Umcv8NvncrjFaNJuQLmxzxFxPoPW2Yd } callbacked when it was already finalized
2025-07-03T09:53:58.478569Z  WARN arx::unit::cache_unit: arx/src/unit/cache_unit.rs:137: Cache does not contains computation or it was not executed ArxComputationInfo { comp_ref: ComputationReference { computation_offset: 6698534668174109504, priority_fee: 0, computation_definition_offset: 2458493680, padding: [0, 0, 0, 0] }, mxe: 75MYEEgbXuUeXwUa834fhyAWgEtsjrajgWjiQj5Th3eF, cluster: GgSqqAyH7AVY3Umcv8NvncrjFaNJuQLmxzxFxPoPW2Yd }
2025-07-03T09:53:59.377021Z DEBUG arx::unit::mxe_unit: arx/src/unit/mxe_unit.rs:330: Sending messages: []
2025-07-03T09:53:59.377392Z DEBUG arx::coordinator: arx/src/coordinator.rs:469: Coordinator received execpool unit message: computations ids: [18008650554014864323]
2025-07-03T09:53:59.377452Z DEBUG arx::coordinator: arx/src/coordinator.rs:564: Coordinator received state unit message: prefetch computation: ArxComputationInfo { comp_ref: ComputationReference { computation_offset: 18008650554014864323, priority_fee: 0, computation_definition_offset: 2458493680, padding: [0, 0, 0, 0] }, mxe: 75MYEEgbXuUeXwUa834fhyAWgEtsjrajgWjiQj5Th3eF, cluster: GgSqqAyH7AVY3Umcv8NvncrjFaNJuQLmxzxFxPoPW2Yd }
2025-07-03T09:53:59.377534Z DEBUG arx::coordinator: arx/src/coordinator.rs:588: Coordinator received state unit message: execute computation: ArxComputationInfo { comp_ref: ComputationReference { computation_offset: 18008650554014864323, priority_fee: 0, computation_definition_offset: 2458493680, padding: [0, 0, 0, 0] }, mxe: 75MYEEgbXuUeXwUa834fhyAWgEtsjrajgWjiQj5Th3eF, cluster: GgSqqAyH7AVY3Umcv8NvncrjFaNJuQLmxzxFxPoPW2Yd }
2025-07-03T09:53:59.377545Z DEBUG arx::unit::mempool_unit: arx/src/unit/mempool_unit.rs:278: Mempool account 75meJRarAYBbZxtmTWNgfYTjEA9kGXSpR3QUuefT2qWt contains the same computations as last update
2025-07-03T09:53:59.377564Z DEBUG arx::unit::cache_unit: arx/src/unit/cache_unit.rs:282: Cache is not ready for computation yet: ArxComputationInfo { comp_ref: ComputationReference { computation_offset: 18008650554014864323, priority_fee: 0, computation_definition_offset: 2458493680, padding: [0, 0, 0, 0] }, mxe: 75MYEEgbXuUeXwUa834fhyAWgEtsjrajgWjiQj5Th3eF, cluster: GgSqqAyH7AVY3Umcv8NvncrjFaNJuQLmxzxFxPoPW2Yd }
2025-07-03T09:53:59.377607Z DEBUG arx::coordinator: arx/src/coordinator.rs:407: Coordinator received circuit unit message
2025-07-03T09:53:59.377632Z DEBUG arx::coordinator: arx/src/coordinator.rs:553: Coordinator received peers unit message
2025-07-03T09:53:59.377654Z DEBUG arx::unit::cache_unit: arx/src/unit/cache_unit.rs:282: Cache is not ready for computation yet: ArxComputationInfo { comp_ref: ComputationReference { computation_offset: 18008650554014864323, priority_fee: 0, computation_definition_offset: 2458493680, padding: [0, 0, 0, 0] }, mxe: 75MYEEgbXuUeXwUa834fhyAWgEtsjrajgWjiQj5Th3eF, cluster: GgSqqAyH7AVY3Umcv8NvncrjFaNJuQLmxzxFxPoPW2Yd }
2025-07-03T09:53:59.377678Z DEBUG arx::unit::cache_unit: arx/src/unit/cache_unit.rs:282: Cache is not ready for computation yet: ArxComputationInfo { comp_ref: ComputationReference { computation_offset: 18008650554014864323, priority_fee: 0, computation_definition_offset: 2458493680, padding: [0, 0, 0, 0] }, mxe: 75MYEEgbXuUeXwUa834fhyAWgEtsjrajgWjiQj5Th3eF, cluster: GgSqqAyH7AVY3Umcv8NvncrjFaNJuQLmxzxFxPoPW2Yd }
2025-07-03T09:53:59.377699Z DEBUG arx::coordinator: arx/src/coordinator.rs:387: Coordinator received cache unit message
2025-07-03T09:53:59.380569Z DEBUG arx::coordinator: arx/src/coordinator.rs:490: Succesfully prefetched computation ArxComputationInfo { comp_ref: ComputationReference { computation_offset: 18008650554014864323, priority_fee: 0, computation_definition_offset: 2458493680, padding: [0, 0, 0, 0] }, mxe: 75MYEEgbXuUeXwUa834fhyAWgEtsjrajgWjiQj5Th3eF, cluster: GgSqqAyH7AVY3Umcv8NvncrjFaNJuQLmxzxFxPoPW2Yd }
2025-07-03T09:53:59.380610Z DEBUG arx::coordinator: arx/src/coordinator.rs:493: Coordinator received inputs unit message of type Inputs
2025-07-03T09:53:59.380632Z DEBUG arx::unit::cache_unit: arx/src/unit/cache_unit.rs:263: Cache is ready for computation: ArxComputationInfo { comp_ref: ComputationReference { computation_offset: 18008650554014864323, priority_fee: 0, computation_definition_offset: 2458493680, padding: [0, 0, 0, 0] }, mxe: 75MYEEgbXuUeXwUa834fhyAWgEtsjrajgWjiQj5Th3eF, cluster: GgSqqAyH7AVY3Umcv8NvncrjFaNJuQLmxzxFxPoPW2Yd }
2025-07-03T09:53:59.380679Z DEBUG arx::coordinator: arx/src/coordinator.rs:387: Coordinator received cache unit message
2025-07-03T09:53:59.380716Z DEBUG arx::unit::online_phase_unit: arx/src/unit/online_phase_unit.rs:224: Processing computation 166476169723141246874649789785493525626, connecting to peers
2025-07-03T09:53:59.380741Z DEBUG arx::unit::online_phase_unit: arx/src/unit/online_phase_unit.rs:235: Connected to peers for computation 166476169723141246874649789785493525626
2025-07-03T09:53:59.380755Z DEBUG arx::unit::online_phase_unit: arx/src/unit/online_phase_unit.rs:240: Processing Cerberus computation
2025-07-03T09:53:59.516514Z DEBUG arx::unit::online_phase_unit: arx/src/unit/online_phase_unit.rs:178: Output of computation is: Ok(ArxComputationOutput { computation: ArxComputation 166476169723141246874649789785493525626 (cluster: GgSqqAyH7AVY3Umcv8NvncrjFaNJuQLmxzxFxPoPW2Yd, mxe: 75MYEEgbXuUeXwUa834fhyAWgEtsjrajgWjiQj5Th3eF), outputs: Bytes([[24, 46, 55, 118, 165, 152, 111, 26, 74, 164, 138, 94, 43, 20, 35, 53, 132, 88, 92, 102, 123, 252, 193, 149, 37, 179, 205, 162, 234, 84, 58, 53], [83, 71, 5, 35, 129, 19, 71, 17, 6, 160, 113, 212, 158, 152, 170, 172], [9, 218, 195, 227, 169, 105, 248, 4, 27, 157, 96, 127, 51, 172, 230, 220, 43, 2, 31, 34, 118, 56, 144, 200, 100, 247, 147, 7, 111, 22, 231, 125]]) })
2025-07-03T09:53:59.516585Z DEBUG arx::coordinator: arx/src/coordinator.rs:543: Coordinator received online unit output: Ok(ArxComputationOutput { computation: ArxComputation 166476169723141246874649789785493525626 (cluster: GgSqqAyH7AVY3Umcv8NvncrjFaNJuQLmxzxFxPoPW2Yd, mxe: 75MYEEgbXuUeXwUa834fhyAWgEtsjrajgWjiQj5Th3eF), outputs: Bytes([[24, 46, 55, 118, 165, 152, 111, 26, 74, 164, 138, 94, 43, 20, 35, 53, 132, 88, 92, 102, 123, 252, 193, 149, 37, 179, 205, 162, 234, 84, 58, 53], [83, 71, 5, 35, 129, 19, 71, 17, 6, 160, 113, 212, 158, 152, 170, 172], [9, 218, 195, 227, 169, 105, 248, 4, 27, 157, 96, 127, 51, 172, 230, 220, 43, 2, 31, 34, 118, 56, 144, 200, 100, 247, 147, 7, 111, 22, 231, 125]]) })
2025-07-03T09:53:59.516607Z DEBUG arx::unit::computation_transaction_unit: arx/src/unit/computation_transaction_unit.rs:146: Callback computation for id 166476169723141246874649789785493525626
2025-07-03T09:53:59.790844Z DEBUG arx::coordinator: arx/src/coordinator.rs:469: Coordinator received execpool unit message: computations ids: []
2025-07-03T09:53:59.791019Z DEBUG arx::unit::mempool_unit: arx/src/unit/mempool_unit.rs:278: Mempool account 75meJRarAYBbZxtmTWNgfYTjEA9kGXSpR3QUuefT2qWt contains the same computations as last update
2025-07-03T09:53:59.791403Z DEBUG arx::unit::mxe_unit: arx/src/unit/mxe_unit.rs:330: Sending messages: []
2025-07-03T09:54:00.021106Z DEBUG arx::unit::computation_transaction_unit: arx/src/unit/computation_transaction_unit.rs:303: Sent callback computation tx for mxe 75MYEEgbXuUeXwUa834fhyAWgEtsjrajgWjiQj5Th3eF with sig 4JLLzD75VhACFPEFQbRbhGQ675MPaSPKAzXGEfxwTDpWqYWUaZeUhbDCaYu5zfVqWXqttejTneiwSpsHA2VVd31c
2025-07-03T09:54:00.021182Z DEBUG arx::coordinator: arx/src/coordinator.rs:440: Coordinator received computation transaction unit message: callback computation completed computation: ArxComputationInfo { comp_ref: ComputationReference { computation_offset: 18008650554014864323, priority_fee: 0, computation_definition_offset: 2458493680, padding: [0, 0, 0, 0] }, mxe: 75MYEEgbXuUeXwUa834fhyAWgEtsjrajgWjiQj5Th3eF, cluster: GgSqqAyH7AVY3Umcv8NvncrjFaNJuQLmxzxFxPoPW2Yd }
2025-07-03T09:54:00.021213Z DEBUG arx::unit::state_unit: arx/src/unit/state_unit.rs:278: Attempted to make a computation ArxComputationInfo { comp_ref: ComputationReference { computation_offset: 18008650554014864323, priority_fee: 0, computation_definition_offset: 2458493680, padding: [0, 0, 0, 0] }, mxe: 75MYEEgbXuUeXwUa834fhyAWgEtsjrajgWjiQj5Th3eF, cluster: GgSqqAyH7AVY3Umcv8NvncrjFaNJuQLmxzxFxPoPW2Yd } callbacked when it was already finalized
2025-07-03T09:54:00.021226Z  WARN arx::unit::cache_unit: arx/src/unit/cache_unit.rs:137: Cache does not contains computation or it was not executed ArxComputationInfo { comp_ref: ComputationReference { computation_offset: 18008650554014864323, priority_fee: 0, computation_definition_offset: 2458493680, padding: [0, 0, 0, 0] }, mxe: 75MYEEgbXuUeXwUa834fhyAWgEtsjrajgWjiQj5Th3eF, cluster: GgSqqAyH7AVY3Umcv8NvncrjFaNJuQLmxzxFxPoPW2Yd }
2025-07-03T09:54:00.194954Z DEBUG arx::unit::mxe_unit: arx/src/unit/mxe_unit.rs:330: Sending messages: []
2025-07-03T09:54:00.195306Z DEBUG arx::unit::mempool_unit: arx/src/unit/mempool_unit.rs:278: Mempool account 75meJRarAYBbZxtmTWNgfYTjEA9kGXSpR3QUuefT2qWt contains the same computations as last update
2025-07-03T09:54:00.195374Z DEBUG arx::coordinator: arx/src/coordinator.rs:469: Coordinator received execpool unit message: computations ids: [15860026591744409981]
2025-07-03T09:54:00.195426Z DEBUG arx::coordinator: arx/src/coordinator.rs:564: Coordinator received state unit message: prefetch computation: ArxComputationInfo { comp_ref: ComputationReference { computation_offset: 15860026591744409981, priority_fee: 0, computation_definition_offset: 2458493680, padding: [0, 0, 0, 0] }, mxe: 75MYEEgbXuUeXwUa834fhyAWgEtsjrajgWjiQj5Th3eF, cluster: GgSqqAyH7AVY3Umcv8NvncrjFaNJuQLmxzxFxPoPW2Yd }
2025-07-03T09:54:00.195489Z DEBUG arx::coordinator: arx/src/coordinator.rs:588: Coordinator received state unit message: execute computation: ArxComputationInfo { comp_ref: ComputationReference { computation_offset: 15860026591744409981, priority_fee: 0, computation_definition_offset: 2458493680, padding: [0, 0, 0, 0] }, mxe: 75MYEEgbXuUeXwUa834fhyAWgEtsjrajgWjiQj5Th3eF, cluster: GgSqqAyH7AVY3Umcv8NvncrjFaNJuQLmxzxFxPoPW2Yd }
2025-07-03T09:54:00.195514Z DEBUG arx::unit::cache_unit: arx/src/unit/cache_unit.rs:282: Cache is not ready for computation yet: ArxComputationInfo { comp_ref: ComputationReference { computation_offset: 15860026591744409981, priority_fee: 0, computation_definition_offset: 2458493680, padding: [0, 0, 0, 0] }, mxe: 75MYEEgbXuUeXwUa834fhyAWgEtsjrajgWjiQj5Th3eF, cluster: GgSqqAyH7AVY3Umcv8NvncrjFaNJuQLmxzxFxPoPW2Yd }
2025-07-03T09:54:00.195535Z DEBUG arx::coordinator: arx/src/coordinator.rs:407: Coordinator received circuit unit message
2025-07-03T09:54:00.195551Z DEBUG arx::coordinator: arx/src/coordinator.rs:553: Coordinator received peers unit message
2025-07-03T09:54:00.195570Z DEBUG arx::unit::cache_unit: arx/src/unit/cache_unit.rs:282: Cache is not ready for computation yet: ArxComputationInfo { comp_ref: ComputationReference { computation_offset: 15860026591744409981, priority_fee: 0, computation_definition_offset: 2458493680, padding: [0, 0, 0, 0] }, mxe: 75MYEEgbXuUeXwUa834fhyAWgEtsjrajgWjiQj5Th3eF, cluster: GgSqqAyH7AVY3Umcv8NvncrjFaNJuQLmxzxFxPoPW2Yd }
2025-07-03T09:54:00.195593Z DEBUG arx::unit::cache_unit: arx/src/unit/cache_unit.rs:282: Cache is not ready for computation yet: ArxComputationInfo { comp_ref: ComputationReference { computation_offset: 15860026591744409981, priority_fee: 0, computation_definition_offset: 2458493680, padding: [0, 0, 0, 0] }, mxe: 75MYEEgbXuUeXwUa834fhyAWgEtsjrajgWjiQj5Th3eF, cluster: GgSqqAyH7AVY3Umcv8NvncrjFaNJuQLmxzxFxPoPW2Yd }
2025-07-03T09:54:00.195622Z DEBUG arx::coordinator: arx/src/coordinator.rs:387: Coordinator received cache unit message
2025-07-03T09:54:00.201341Z DEBUG arx::coordinator: arx/src/coordinator.rs:490: Succesfully prefetched computation ArxComputationInfo { comp_ref: ComputationReference { computation_offset: 15860026591744409981, priority_fee: 0, computation_definition_offset: 2458493680, padding: [0, 0, 0, 0] }, mxe: 75MYEEgbXuUeXwUa834fhyAWgEtsjrajgWjiQj5Th3eF, cluster: GgSqqAyH7AVY3Umcv8NvncrjFaNJuQLmxzxFxPoPW2Yd }
2025-07-03T09:54:00.201398Z DEBUG arx::coordinator: arx/src/coordinator.rs:493: Coordinator received inputs unit message of type Inputs
2025-07-03T09:54:00.201417Z DEBUG arx::unit::cache_unit: arx/src/unit/cache_unit.rs:263: Cache is ready for computation: ArxComputationInfo { comp_ref: ComputationReference { computation_offset: 15860026591744409981, priority_fee: 0, computation_definition_offset: 2458493680, padding: [0, 0, 0, 0] }, mxe: 75MYEEgbXuUeXwUa834fhyAWgEtsjrajgWjiQj5Th3eF, cluster: GgSqqAyH7AVY3Umcv8NvncrjFaNJuQLmxzxFxPoPW2Yd }
2025-07-03T09:54:00.201459Z DEBUG arx::coordinator: arx/src/coordinator.rs:387: Coordinator received cache unit message
2025-07-03T09:54:00.201483Z DEBUG arx::unit::online_phase_unit: arx/src/unit/online_phase_unit.rs:224: Processing computation 15965382068022210903312295556200171330, connecting to peers
2025-07-03T09:54:00.201508Z DEBUG arx::unit::online_phase_unit: arx/src/unit/online_phase_unit.rs:235: Connected to peers for computation 15965382068022210903312295556200171330
2025-07-03T09:54:00.201519Z DEBUG arx::unit::online_phase_unit: arx/src/unit/online_phase_unit.rs:240: Processing Cerberus computation
2025-07-03T09:54:00.340377Z DEBUG arx::unit::online_phase_unit: arx/src/unit/online_phase_unit.rs:178: Output of computation is: Ok(ArxComputationOutput { computation: ArxComputation 15965382068022210903312295556200171330 (cluster: GgSqqAyH7AVY3Umcv8NvncrjFaNJuQLmxzxFxPoPW2Yd, mxe: 75MYEEgbXuUeXwUa834fhyAWgEtsjrajgWjiQj5Th3eF), outputs: Bytes([[24, 46, 55, 118, 165, 152, 111, 26, 74, 164, 138, 94, 43, 20, 35, 53, 132, 88, 92, 102, 123, 252, 193, 149, 37, 179, 205, 162, 234, 84, 58, 53], [13, 78, 26, 198, 221, 174, 26, 236, 226, 22, 0, 234, 216, 56, 79, 74], [219, 95, 230, 112, 10, 55, 205, 73, 197, 105, 162, 46, 205, 62, 172, 175, 212, 109, 86, 44, 94, 240, 85, 15, 207, 199, 62, 102, 152, 197, 193, 60]]) })
2025-07-03T09:54:00.340435Z DEBUG arx::coordinator: arx/src/coordinator.rs:543: Coordinator received online unit output: Ok(ArxComputationOutput { computation: ArxComputation 15965382068022210903312295556200171330 (cluster: GgSqqAyH7AVY3Umcv8NvncrjFaNJuQLmxzxFxPoPW2Yd, mxe: 75MYEEgbXuUeXwUa834fhyAWgEtsjrajgWjiQj5Th3eF), outputs: Bytes([[24, 46, 55, 118, 165, 152, 111, 26, 74, 164, 138, 94, 43, 20, 35, 53, 132, 88, 92, 102, 123, 252, 193, 149, 37, 179, 205, 162, 234, 84, 58, 53], [13, 78, 26, 198, 221, 174, 26, 236, 226, 22, 0, 234, 216, 56, 79, 74], [219, 95, 230, 112, 10, 55, 205, 73, 197, 105, 162, 46, 205, 62, 172, 175, 212, 109, 86, 44, 94, 240, 85, 15, 207, 199, 62, 102, 152, 197, 193, 60]]) })
2025-07-03T09:54:00.340454Z DEBUG arx::unit::computation_transaction_unit: arx/src/unit/computation_transaction_unit.rs:146: Callback computation for id 15965382068022210903312295556200171330
2025-07-03T09:54:00.601034Z DEBUG arx::coordinator: arx/src/coordinator.rs:469: Coordinator received execpool unit message: computations ids: []
2025-07-03T09:54:00.601045Z DEBUG arx::unit::mempool_unit: arx/src/unit/mempool_unit.rs:278: Mempool account 75meJRarAYBbZxtmTWNgfYTjEA9kGXSpR3QUuefT2qWt contains the same computations as last update
2025-07-03T09:54:00.601362Z DEBUG arx::unit::mxe_unit: arx/src/unit/mxe_unit.rs:330: Sending messages: []
2025-07-03T09:54:00.848973Z ERROR arx::unit::computation_transaction_unit: arx/src/unit/computation_transaction_unit.rs:329: Failed to send callback computation tx for mxe 75MYEEgbXuUeXwUa834fhyAWgEtsjrajgWjiQj5Th3eF error Error { request: None, kind: TransactionError(InstructionError(0, Custom(6047))) }
2025-07-03T09:54:00.849026Z ERROR arx::unit::computation_transaction_unit: arx/src/unit/computation_transaction_unit.rs:186: Failed to callback computation: RPC error: Failed to send callback computation tx for mxe 75MYEEgbXuUeXwUa834fhyAWgEtsjrajgWjiQj5Th3eF error Error { request: None, kind: TransactionError(InstructionError(0, Custom(6047))) }
2025-07-03T09:54:00.849051Z DEBUG arx::coordinator: arx/src/coordinator.rs:457: Coordinator received computation transaction unit message: failed to callback computation: ArxComputationInfo { comp_ref: ComputationReference { computation_offset: 15860026591744409981, priority_fee: 0, computation_definition_offset: 2458493680, padding: [0, 0, 0, 0] }, mxe: 75MYEEgbXuUeXwUa834fhyAWgEtsjrajgWjiQj5Th3eF, cluster: GgSqqAyH7AVY3Umcv8NvncrjFaNJuQLmxzxFxPoPW2Yd }
2025-07-03T09:54:00.849082Z ERROR arx::unit::state_unit: arx/src/unit/state_unit.rs:312: Attempted to make a computation ArxComputationInfo { comp_ref: ComputationReference { computation_offset: 15860026591744409981, priority_fee: 0, computation_definition_offset: 2458493680, padding: [0, 0, 0, 0] }, mxe: 75MYEEgbXuUeXwUa834fhyAWgEtsjrajgWjiQj5Th3eF, cluster: GgSqqAyH7AVY3Umcv8NvncrjFaNJuQLmxzxFxPoPW2Yd } failed when it was already finalized
2025-07-03T09:54:01.005251Z DEBUG arx::unit::mxe_unit: arx/src/unit/mxe_unit.rs:330: Sending messages: []
2025-07-03T09:54:01.005715Z DEBUG arx::unit::mempool_unit: arx/src/unit/mempool_unit.rs:278: Mempool account 75meJRarAYBbZxtmTWNgfYTjEA9kGXSpR3QUuefT2qWt contains the same computations as last update
2025-07-03T09:54:01.005788Z DEBUG arx::coordinator: arx/src/coordinator.rs:469: Coordinator received execpool unit message: computations ids: [15957616181357697177]
2025-07-03T09:54:01.005822Z DEBUG arx::coordinator: arx/src/coordinator.rs:564: Coordinator received state unit message: prefetch computation: ArxComputationInfo { comp_ref: ComputationReference { computation_offset: 15957616181357697177, priority_fee: 0, computation_definition_offset: 3396793639, padding: [0, 0, 0, 0] }, mxe: 75MYEEgbXuUeXwUa834fhyAWgEtsjrajgWjiQj5Th3eF, cluster: GgSqqAyH7AVY3Umcv8NvncrjFaNJuQLmxzxFxPoPW2Yd }
2025-07-03T09:54:01.005868Z DEBUG arx::coordinator: arx/src/coordinator.rs:588: Coordinator received state unit message: execute computation: ArxComputationInfo { comp_ref: ComputationReference { computation_offset: 15957616181357697177, priority_fee: 0, computation_definition_offset: 3396793639, padding: [0, 0, 0, 0] }, mxe: 75MYEEgbXuUeXwUa834fhyAWgEtsjrajgWjiQj5Th3eF, cluster: GgSqqAyH7AVY3Umcv8NvncrjFaNJuQLmxzxFxPoPW2Yd }
2025-07-03T09:54:01.005886Z DEBUG arx::unit::cache_unit: arx/src/unit/cache_unit.rs:282: Cache is not ready for computation yet: ArxComputationInfo { comp_ref: ComputationReference { computation_offset: 15957616181357697177, priority_fee: 0, computation_definition_offset: 3396793639, padding: [0, 0, 0, 0] }, mxe: 75MYEEgbXuUeXwUa834fhyAWgEtsjrajgWjiQj5Th3eF, cluster: GgSqqAyH7AVY3Umcv8NvncrjFaNJuQLmxzxFxPoPW2Yd }
2025-07-03T09:54:01.005945Z DEBUG arx::coordinator: arx/src/coordinator.rs:553: Coordinator received peers unit message
2025-07-03T09:54:01.005971Z DEBUG arx::unit::cache_unit: arx/src/unit/cache_unit.rs:282: Cache is not ready for computation yet: ArxComputationInfo { comp_ref: ComputationReference { computation_offset: 15957616181357697177, priority_fee: 0, computation_definition_offset: 3396793639, padding: [0, 0, 0, 0] }, mxe: 75MYEEgbXuUeXwUa834fhyAWgEtsjrajgWjiQj5Th3eF, cluster: GgSqqAyH7AVY3Umcv8NvncrjFaNJuQLmxzxFxPoPW2Yd }
2025-07-03T09:54:01.006482Z DEBUG arx::program: arx/src/program.rs:185: Getting compiled circuit onchain: EF8wzhfbeLLXUsXbUVpWtdQod2JE4jdYzor2p47bgctH
2025-07-03T09:54:01.006520Z DEBUG arx::program: arx/src/program.rs:251: Fetching circuit on-chain from zMWCiSD2DsRyBH1FxEzJ7miFXoKKExtXfzWzHmuYsz3 (1/1)
2025-07-03T09:54:01.009549Z DEBUG arx::coordinator: arx/src/coordinator.rs:490: Succesfully prefetched computation ArxComputationInfo { comp_ref: ComputationReference { computation_offset: 15957616181357697177, priority_fee: 0, computation_definition_offset: 3396793639, padding: [0, 0, 0, 0] }, mxe: 75MYEEgbXuUeXwUa834fhyAWgEtsjrajgWjiQj5Th3eF, cluster: GgSqqAyH7AVY3Umcv8NvncrjFaNJuQLmxzxFxPoPW2Yd }
2025-07-03T09:54:01.009582Z DEBUG arx::coordinator: arx/src/coordinator.rs:493: Coordinator received inputs unit message of type Inputs
2025-07-03T09:54:01.009598Z DEBUG arx::unit::cache_unit: arx/src/unit/cache_unit.rs:282: Cache is not ready for computation yet: ArxComputationInfo { comp_ref: ComputationReference { computation_offset: 15957616181357697177, priority_fee: 0, computation_definition_offset: 3396793639, padding: [0, 0, 0, 0] }, mxe: 75MYEEgbXuUeXwUa834fhyAWgEtsjrajgWjiQj5Th3eF, cluster: GgSqqAyH7AVY3Umcv8NvncrjFaNJuQLmxzxFxPoPW2Yd }
2025-07-03T09:54:01.074991Z DEBUG arx::program: arx/src/program.rs:269: Fetched circuit on-chain from zMWCiSD2DsRyBH1FxEzJ7miFXoKKExtXfzWzHmuYsz3 (1/1)
2025-07-03T09:54:01.204634Z DEBUG arx::coordinator: arx/src/coordinator.rs:407: Coordinator received circuit unit message
2025-07-03T09:54:01.204682Z DEBUG arx::unit::cache_unit: arx/src/unit/cache_unit.rs:263: Cache is ready for computation: ArxComputationInfo { comp_ref: ComputationReference { computation_offset: 15957616181357697177, priority_fee: 0, computation_definition_offset: 3396793639, padding: [0, 0, 0, 0] }, mxe: 75MYEEgbXuUeXwUa834fhyAWgEtsjrajgWjiQj5Th3eF, cluster: GgSqqAyH7AVY3Umcv8NvncrjFaNJuQLmxzxFxPoPW2Yd }
2025-07-03T09:54:01.204698Z DEBUG arx::coordinator: arx/src/coordinator.rs:387: Coordinator received cache unit message
2025-07-03T09:54:01.204716Z DEBUG arx::unit::online_phase_unit: arx/src/unit/online_phase_unit.rs:224: Processing computation 308213323847777721051746334432459104908, connecting to peers
2025-07-03T09:54:01.204732Z DEBUG arx::unit::online_phase_unit: arx/src/unit/online_phase_unit.rs:235: Connected to peers for computation 308213323847777721051746334432459104908
2025-07-03T09:54:01.204737Z DEBUG arx::unit::online_phase_unit: arx/src/unit/online_phase_unit.rs:240: Processing Cerberus computation
2025-07-03T09:54:01.566743Z DEBUG arx::unit::online_phase_unit: arx/src/unit/online_phase_unit.rs:178: Output of computation is: Ok(ArxComputationOutput { computation: ArxComputation 308213323847777721051746334432459104908 (cluster: GgSqqAyH7AVY3Umcv8NvncrjFaNJuQLmxzxFxPoPW2Yd, mxe: 75MYEEgbXuUeXwUa834fhyAWgEtsjrajgWjiQj5Th3eF), outputs: Bytes([[1], [24, 46, 55, 118, 165, 152, 111, 26, 74, 164, 138, 94, 43, 20, 35, 53, 132, 88, 92, 102, 123, 252, 193, 149, 37, 179, 205, 162, 234, 84, 58, 53], [84, 71, 5, 35, 129, 19, 71, 17, 6, 160, 113, 212, 158, 152, 170, 172], [252, 241, 211, 203, 71, 154, 242, 155, 202, 150, 254, 129, 116, 183, 220, 156, 194, 124, 137, 214, 142, 29, 152, 246, 238, 66, 64, 67, 141, 151, 216, 40], [24, 46, 55, 118, 165, 152, 111, 26, 74, 164, 138, 94, 43, 20, 35, 53, 132, 88, 92, 102, 123, 252, 193, 149, 37, 179, 205, 162, 234, 84, 58, 53], [14, 78, 26, 198, 221, 174, 26, 236, 226, 22, 0, 234, 216, 56, 79, 74], [26, 64, 216, 93, 225, 145, 82, 204, 130, 165, 54, 98, 72, 171, 46, 177, 8, 208, 93, 77, 75, 37, 190, 110, 170, 175, 190, 147, 242, 12, 88, 82]]) })
2025-07-03T09:54:01.566814Z DEBUG arx::coordinator: arx/src/coordinator.rs:543: Coordinator received online unit output: Ok(ArxComputationOutput { computation: ArxComputation 308213323847777721051746334432459104908 (cluster: GgSqqAyH7AVY3Umcv8NvncrjFaNJuQLmxzxFxPoPW2Yd, mxe: 75MYEEgbXuUeXwUa834fhyAWgEtsjrajgWjiQj5Th3eF), outputs: Bytes([[1], [24, 46, 55, 118, 165, 152, 111, 26, 74, 164, 138, 94, 43, 20, 35, 53, 132, 88, 92, 102, 123, 252, 193, 149, 37, 179, 205, 162, 234, 84, 58, 53], [84, 71, 5, 35, 129, 19, 71, 17, 6, 160, 113, 212, 158, 152, 170, 172], [252, 241, 211, 203, 71, 154, 242, 155, 202, 150, 254, 129, 116, 183, 220, 156, 194, 124, 137, 214, 142, 29, 152, 246, 238, 66, 64, 67, 141, 151, 216, 40], [24, 46, 55, 118, 165, 152, 111, 26, 74, 164, 138, 94, 43, 20, 35, 53, 132, 88, 92, 102, 123, 252, 193, 149, 37, 179, 205, 162, 234, 84, 58, 53], [14, 78, 26, 198, 221, 174, 26, 236, 226, 22, 0, 234, 216, 56, 79, 74], [26, 64, 216, 93, 225, 145, 82, 204, 130, 165, 54, 98, 72, 171, 46, 177, 8, 208, 93, 77, 75, 37, 190, 110, 170, 175, 190, 147, 242, 12, 88, 82]]) })
2025-07-03T09:54:01.566832Z DEBUG arx::unit::computation_transaction_unit: arx/src/unit/computation_transaction_unit.rs:146: Callback computation for id 308213323847777721051746334432459104908
2025-07-03T09:54:01.816358Z DEBUG arx::coordinator: arx/src/coordinator.rs:469: Coordinator received execpool unit message: computations ids: []
2025-07-03T09:54:01.816522Z DEBUG arx::unit::mempool_unit: arx/src/unit/mempool_unit.rs:278: Mempool account 75meJRarAYBbZxtmTWNgfYTjEA9kGXSpR3QUuefT2qWt contains the same computations as last update
2025-07-03T09:54:01.816904Z DEBUG arx::unit::mxe_unit: arx/src/unit/mxe_unit.rs:330: Sending messages: []
2025-07-03T09:54:02.070575Z DEBUG arx::unit::computation_transaction_unit: arx/src/unit/computation_transaction_unit.rs:303: Sent callback computation tx for mxe 75MYEEgbXuUeXwUa834fhyAWgEtsjrajgWjiQj5Th3eF with sig 2zj2Y5EXH5VgitgSvRMohHw6yu1mxF4FYDtzqSnDVa7Sp6c78JqgjEX1q5oVfzJ7VpNTADQD1RWknJTs2UHjCHd8
2025-07-03T09:54:02.070649Z DEBUG arx::coordinator: arx/src/coordinator.rs:440: Coordinator received computation transaction unit message: callback computation completed computation: ArxComputationInfo { comp_ref: ComputationReference { computation_offset: 15957616181357697177, priority_fee: 0, computation_definition_offset: 3396793639, padding: [0, 0, 0, 0] }, mxe: 75MYEEgbXuUeXwUa834fhyAWgEtsjrajgWjiQj5Th3eF, cluster: GgSqqAyH7AVY3Umcv8NvncrjFaNJuQLmxzxFxPoPW2Yd }
2025-07-03T09:54:02.070680Z DEBUG arx::unit::state_unit: arx/src/unit/state_unit.rs:278: Attempted to make a computation ArxComputationInfo { comp_ref: ComputationReference { computation_offset: 15957616181357697177, priority_fee: 0, computation_definition_offset: 3396793639, padding: [0, 0, 0, 0] }, mxe: 75MYEEgbXuUeXwUa834fhyAWgEtsjrajgWjiQj5Th3eF, cluster: GgSqqAyH7AVY3Umcv8NvncrjFaNJuQLmxzxFxPoPW2Yd } callbacked when it was already finalized
2025-07-03T09:54:02.070694Z  WARN arx::unit::cache_unit: arx/src/unit/cache_unit.rs:137: Cache does not contains computation or it was not executed ArxComputationInfo { comp_ref: ComputationReference { computation_offset: 15957616181357697177, priority_fee: 0, computation_definition_offset: 3396793639, padding: [0, 0, 0, 0] }, mxe: 75MYEEgbXuUeXwUa834fhyAWgEtsjrajgWjiQj5Th3eF, cluster: GgSqqAyH7AVY3Umcv8NvncrjFaNJuQLmxzxFxPoPW2Yd }
2025-07-03T09:54:02.630868Z  WARN arx::unit::mxe_unit: arx/src/unit/mxe_unit.rs:257: Stream closed for cluster account GgSqqAyH7AVY3Umcv8NvncrjFaNJuQLmxzxFxPoPW2Yd
2025-07-03T09:54:02.630876Z  WARN arx::unit::mempool_unit: arx/src/unit/mempool_unit.rs:195: Stream closed for mempool account 75meJRarAYBbZxtmTWNgfYTjEA9kGXSpR3QUuefT2qWt, attempting to resubscribe
2025-07-03T09:54:02.630934Z  WARN arx::unit::cluster_unit: arx/src/unit/cluster_unit.rs:233: Stream closed for arx account ELoRR19zrps1G3UYKcAxr7LKbw3kbqkVUXVY9dETMWN7
2025-07-03T09:54:02.630932Z  WARN arx::unit::execpool_unit: arx/src/unit/execpool_unit.rs:202: Stream closed for execpool account Af9LM2ZiUGkiRE6mW57dpq6ZEkA7jCfaqsD4tUKUDzZp, attempting to resubscribe
2025-07-03T09:54:02.631174Z ERROR arx::unit: arx/src/unit.rs:123: Failed to create new WebSocket connection (attempt 1/5): unable to connect to server
2025-07-03T09:54:02.631203Z ERROR arx::unit: arx/src/unit.rs:123: Failed to create new WebSocket connection (attempt 1/5): unable to connect to server
2025-07-03T09:54:02.631224Z ERROR arx::unit: arx/src/unit.rs:123: Failed to create new WebSocket connection (attempt 1/5): unable to connect to server
2025-07-03T09:54:02.631231Z ERROR arx::unit: arx/src/unit.rs:123: Failed to create new WebSocket connection (attempt 1/5): unable to connect to server
2025-07-03T09:54:03.631857Z ERROR arx::unit: arx/src/unit.rs:123: Failed to create new WebSocket connection (attempt 2/5): unable to connect to server
2025-07-03T09:54:03.631857Z ERROR arx::unit: arx/src/unit.rs:123: Failed to create new WebSocket connection (attempt 2/5): unable to connect to server
2025-07-03T09:54:03.631862Z ERROR arx::unit: arx/src/unit.rs:123: Failed to create new WebSocket connection (attempt 2/5): unable to connect to server
2025-07-03T09:54:03.633242Z ERROR arx::unit: arx/src/unit.rs:123: Failed to create new WebSocket connection (attempt 2/5): unable to connect to server
2025-07-03T09:54:05.632960Z ERROR arx::unit: arx/src/unit.rs:123: Failed to create new WebSocket connection (attempt 3/5): unable to connect to server
2025-07-03T09:54:05.632960Z ERROR arx::unit: arx/src/unit.rs:123: Failed to create new WebSocket connection (attempt 3/5): unable to connect to server
2025-07-03T09:54:05.632970Z ERROR arx::unit: arx/src/unit.rs:123: Failed to create new WebSocket connection (attempt 3/5): unable to connect to server
2025-07-03T09:54:05.635371Z ERROR arx::unit: arx/src/unit.rs:123: Failed to create new WebSocket connection (attempt 3/5): unable to connect to server
2025-07-03T09:54:09.634313Z ERROR arx::unit: arx/src/unit.rs:123: Failed to create new WebSocket connection (attempt 4/5): unable to connect to server
2025-07-03T09:54:09.634320Z ERROR arx::unit: arx/src/unit.rs:123: Failed to create new WebSocket connection (attempt 4/5): unable to connect to server
2025-07-03T09:54:09.634336Z ERROR arx::unit: arx/src/unit.rs:123: Failed to create new WebSocket connection (attempt 4/5): unable to connect to server
2025-07-03T09:54:09.636741Z ERROR arx::unit: arx/src/unit.rs:123: Failed to create new WebSocket connection (attempt 4/5): unable to connect to server
